{"/Users/yqgmac/yqg/project/tokenBao/src/optimizations/batch.ts": {"path":"/Users/yqgmac/yqg/project/tokenBao/src/optimizations/batch.ts","statementMap":{"0":{"start":{"line":36,"column":0},"end":{"line":36,"column":16}},"1":{"start":{"line":40,"column":0},"end":{"line":40,"column":16}},"2":{"start":{"line":47,"column":0},"end":{"line":47,"column":16}},"3":{"start":{"line":66,"column":0},"end":{"line":66,"column":16}},"4":{"start":{"line":73,"column":0},"end":{"line":73,"column":16}},"5":{"start":{"line":84,"column":0},"end":{"line":84,"column":16}},"6":{"start":{"line":91,"column":0},"end":{"line":91,"column":16}},"7":{"start":{"line":128,"column":0},"end":{"line":128,"column":16}},"8":{"start":{"line":135,"column":0},"end":{"line":135,"column":16}},"9":{"start":{"line":24,"column":37},"end":{"line":28,"column":2}},"10":{"start":{"line":30,"column":26},"end":{"line":30,"column":28}},"11":{"start":{"line":32,"column":35},"end":{"line":32,"column":37}},"12":{"start":{"line":33,"column":35},"end":{"line":33,"column":37}},"13":{"start":{"line":34,"column":40},"end":{"line":34,"column":44}},"14":{"start":{"line":37,"column":2},"end":{"line":37,"column":31}},"15":{"start":{"line":41,"column":2},"end":{"line":41,"column":41}},"16":{"start":{"line":48,"column":2},"end":{"line":48,"column":38}},"17":{"start":{"line":48,"column":31},"end":{"line":48,"column":38}},"18":{"start":{"line":50,"column":2},"end":{"line":52,"column":3}},"19":{"start":{"line":51,"column":4},"end":{"line":51,"column":17}},"20":{"start":{"line":54,"column":2},"end":{"line":54,"column":29}},"21":{"start":{"line":56,"column":2},"end":{"line":60,"column":3}},"22":{"start":{"line":57,"column":4},"end":{"line":59,"column":32}},"23":{"start":{"line":58,"column":6},"end":{"line":58,"column":19}},"24":{"start":{"line":67,"column":2},"end":{"line":67,"column":27}},"25":{"start":{"line":74,"column":2},"end":{"line":74,"column":26}},"26":{"start":{"line":75,"column":2},"end":{"line":78,"column":3}},"27":{"start":{"line":76,"column":4},"end":{"line":76,"column":29}},"28":{"start":{"line":77,"column":4},"end":{"line":77,"column":22}},"29":{"start":{"line":85,"column":2},"end":{"line":85,"column":59}},"30":{"start":{"line":92,"column":2},"end":{"line":92,"column":45}},"31":{"start":{"line":92,"column":33},"end":{"line":92,"column":45}},"32":{"start":{"line":94,"column":18},"end":{"line":94,"column":39}},"33":{"start":{"line":95,"column":23},"end":{"line":95,"column":42}},"34":{"start":{"line":96,"column":22},"end":{"line":96,"column":108}},"35":{"start":{"line":96,"column":54},"end":{"line":96,"column":104}},"36":{"start":{"line":97,"column":20},"end":{"line":97,"column":58}},"37":{"start":{"line":98,"column":28},"end":{"line":100,"column":16}},"38":{"start":{"line":101,"column":18},"end":{"line":101,"column":28}},"39":{"start":{"line":103,"column":28},"end":{"line":110,"column":4}},"40":{"start":{"line":112,"column":2},"end":{"line":112,"column":27}},"41":{"start":{"line":114,"column":2},"end":{"line":116,"column":3}},"42":{"start":{"line":115,"column":4},"end":{"line":115,"column":68}},"43":{"start":{"line":118,"column":2},"end":{"line":118,"column":96}},"44":{"start":{"line":120,"column":2},"end":{"line":120,"column":15}},"45":{"start":{"line":122,"column":2},"end":{"line":122,"column":15}},"46":{"start":{"line":129,"column":2},"end":{"line":129,"column":27}},"47":{"start":{"line":140,"column":23},"end":{"line":140,"column":42}},"48":{"start":{"line":141,"column":24},"end":{"line":141,"column":80}},"49":{"start":{"line":141,"column":56},"end":{"line":141,"column":76}},"50":{"start":{"line":142,"column":23},"end":{"line":142,"column":86}},"51":{"start":{"line":144,"column":2},"end":{"line":144,"column":55}},"52":{"start":{"line":147,"column":0},"end":{"line":157,"column":2}}},"fnMap":{"0":{"name":"getOptions","decl":{"start":{"line":36,"column":16},"end":{"line":36,"column":26}},"loc":{"start":{"line":36,"column":26},"end":{"line":38,"column":1}}},"1":{"name":"setOptions","decl":{"start":{"line":40,"column":16},"end":{"line":40,"column":26}},"loc":{"start":{"line":40,"column":57},"end":{"line":42,"column":1}}},"2":{"name":"addToBatch","decl":{"start":{"line":47,"column":16},"end":{"line":47,"column":26}},"loc":{"start":{"line":47,"column":46},"end":{"line":61,"column":1}}},"3":{"name":"(anonymous_3)","decl":{"start":{"line":57,"column":28},"end":{"line":57,"column":31}},"loc":{"start":{"line":57,"column":33},"end":{"line":59,"column":5}}},"4":{"name":"getBatch","decl":{"start":{"line":66,"column":16},"end":{"line":66,"column":24}},"loc":{"start":{"line":66,"column":24},"end":{"line":68,"column":1}}},"5":{"name":"clearBatch","decl":{"start":{"line":73,"column":16},"end":{"line":73,"column":26}},"loc":{"start":{"line":73,"column":26},"end":{"line":79,"column":1}}},"6":{"name":"shouldBatch","decl":{"start":{"line":84,"column":16},"end":{"line":84,"column":27}},"loc":{"start":{"line":84,"column":27},"end":{"line":86,"column":1}}},"7":{"name":"flushBatch","decl":{"start":{"line":91,"column":16},"end":{"line":91,"column":26}},"loc":{"start":{"line":91,"column":26},"end":{"line":123,"column":1}}},"8":{"name":"(anonymous_8)","decl":{"start":{"line":96,"column":42},"end":{"line":96,"column":43}},"loc":{"start":{"line":96,"column":54},"end":{"line":96,"column":104}}},"9":{"name":"getBatchHistory","decl":{"start":{"line":128,"column":16},"end":{"line":128,"column":31}},"loc":{"start":{"line":128,"column":31},"end":{"line":130,"column":1}}},"10":{"name":"getBatchSummary","decl":{"start":{"line":135,"column":16},"end":{"line":135,"column":31}},"loc":{"start":{"line":135,"column":31},"end":{"line":145,"column":1}}},"11":{"name":"(anonymous_11)","decl":{"start":{"line":141,"column":44},"end":{"line":141,"column":45}},"loc":{"start":{"line":141,"column":56},"end":{"line":141,"column":76}}}},"branchMap":{"0":{"loc":{"start":{"line":48,"column":2},"end":{"line":48,"column":38}},"type":"if","locations":[{"start":{"line":48,"column":2},"end":{"line":48,"column":38}}]},"1":{"loc":{"start":{"line":50,"column":2},"end":{"line":52,"column":3}},"type":"if","locations":[{"start":{"line":50,"column":2},"end":{"line":52,"column":3}}]},"2":{"loc":{"start":{"line":56,"column":2},"end":{"line":60,"column":3}},"type":"if","locations":[{"start":{"line":56,"column":2},"end":{"line":60,"column":3}}]},"3":{"loc":{"start":{"line":56,"column":6},"end":{"line":56,"column":44}},"type":"binary-expr","locations":[{"start":{"line":56,"column":6},"end":{"line":56,"column":17}},{"start":{"line":56,"column":21},"end":{"line":56,"column":44}}]},"4":{"loc":{"start":{"line":75,"column":2},"end":{"line":78,"column":3}},"type":"if","locations":[{"start":{"line":75,"column":2},"end":{"line":78,"column":3}}]},"5":{"loc":{"start":{"line":85,"column":9},"end":{"line":85,"column":58}},"type":"binary-expr","locations":[{"start":{"line":85,"column":9},"end":{"line":85,"column":31}},{"start":{"line":85,"column":35},"end":{"line":85,"column":58}}]},"6":{"loc":{"start":{"line":92,"column":2},"end":{"line":92,"column":45}},"type":"if","locations":[{"start":{"line":92,"column":2},"end":{"line":92,"column":45}}]},"7":{"loc":{"start":{"line":96,"column":61},"end":{"line":96,"column":79}},"type":"binary-expr","locations":[{"start":{"line":96,"column":61},"end":{"line":96,"column":74}},{"start":{"line":96,"column":78},"end":{"line":96,"column":79}}]},"8":{"loc":{"start":{"line":96,"column":84},"end":{"line":96,"column":103}},"type":"binary-expr","locations":[{"start":{"line":96,"column":84},"end":{"line":96,"column":98}},{"start":{"line":96,"column":102},"end":{"line":96,"column":103}}]},"9":{"loc":{"start":{"line":98,"column":28},"end":{"line":100,"column":16}},"type":"cond-expr","locations":[{"start":{"line":99,"column":5},"end":{"line":99,"column":91}},{"start":{"line":100,"column":6},"end":{"line":100,"column":16}}]},"10":{"loc":{"start":{"line":99,"column":5},"end":{"line":99,"column":91}},"type":"cond-expr","locations":[{"start":{"line":99,"column":53},"end":{"line":99,"column":78}},{"start":{"line":99,"column":81},"end":{"line":99,"column":91}}]},"11":{"loc":{"start":{"line":114,"column":2},"end":{"line":116,"column":3}},"type":"if","locations":[{"start":{"line":114,"column":2},"end":{"line":116,"column":3}}]},"12":{"loc":{"start":{"line":142,"column":23},"end":{"line":142,"column":86}},"type":"cond-expr","locations":[{"start":{"line":142,"column":42},"end":{"line":142,"column":82}},{"start":{"line":142,"column":85},"end":{"line":142,"column":86}}]}},"s":{"0":4,"1":4,"2":4,"3":4,"4":4,"5":4,"6":4,"7":4,"8":4,"9":4,"10":4,"11":4,"12":4,"13":4,"14":0,"15":25,"16":7,"17":1,"18":6,"19":1,"20":6,"21":6,"22":4,"23":0,"24":5,"25":9,"26":9,"27":4,"28":4,"29":1,"30":2,"31":1,"32":1,"33":1,"34":1,"35":3,"36":1,"37":1,"38":1,"39":1,"40":1,"41":1,"42":0,"43":1,"44":1,"45":1,"46":0,"47":2,"48":2,"49":2,"50":2,"51":2,"52":4},"f":{"0":0,"1":25,"2":7,"3":0,"4":5,"5":9,"6":1,"7":2,"8":3,"9":0,"10":2,"11":2},"b":{"0":[1],"1":[1],"2":[4],"3":[6,4],"4":[4],"5":[1,0],"6":[1],"7":[3,3],"8":[3,3],"9":[1,0],"10":[1,0],"11":[0],"12":[2,0]}}
,"/Users/yqgmac/yqg/project/tokenBao/src/optimizations/caching.ts": {"path":"/Users/yqgmac/yqg/project/tokenBao/src/optimizations/caching.ts","statementMap":{"0":{"start":{"line":109,"column":0},"end":{"line":109,"column":16}},"1":{"start":{"line":113,"column":0},"end":{"line":113,"column":16}},"2":{"start":{"line":117,"column":0},"end":{"line":117,"column":16}},"3":{"start":{"line":138,"column":0},"end":{"line":138,"column":16}},"4":{"start":{"line":159,"column":0},"end":{"line":159,"column":16}},"5":{"start":{"line":178,"column":0},"end":{"line":178,"column":16}},"6":{"start":{"line":1,"column":0},"end":{"line":1,"column":28}},"7":{"start":{"line":2,"column":0},"end":{"line":2,"column":54}},"8":{"start":{"line":14,"column":21},"end":{"line":14,"column":33}},"9":{"start":{"line":15,"column":23},"end":{"line":15,"column":27}},"10":{"start":{"line":17,"column":39},"end":{"line":21,"column":2}},"11":{"start":{"line":23,"column":75},"end":{"line":23,"column":84}},"12":{"start":{"line":25,"column":29},"end":{"line":25,"column":31}},"13":{"start":{"line":28,"column":2},"end":{"line":48,"column":3}},"14":{"start":{"line":29,"column":18},"end":{"line":29,"column":70}},"15":{"start":{"line":30,"column":16},"end":{"line":30,"column":26}},"16":{"start":{"line":31,"column":18},"end":{"line":31,"column":80}},"17":{"start":{"line":33,"column":4},"end":{"line":38,"column":7}},"18":{"start":{"line":34,"column":6},"end":{"line":37,"column":7}},"19":{"start":{"line":35,"column":8},"end":{"line":35,"column":81}},"20":{"start":{"line":36,"column":8},"end":{"line":36,"column":31}},"21":{"start":{"line":41,"column":4},"end":{"line":41,"column":20}},"22":{"start":{"line":44,"column":21},"end":{"line":44,"column":33}},"23":{"start":{"line":45,"column":4},"end":{"line":47,"column":5}},"24":{"start":{"line":46,"column":6},"end":{"line":46,"column":70}},"25":{"start":{"line":53,"column":2},"end":{"line":57,"column":3}},"26":{"start":{"line":55,"column":19},"end":{"line":55,"column":38}},"27":{"start":{"line":56,"column":4},"end":{"line":56,"column":33}},"28":{"start":{"line":61,"column":19},"end":{"line":63,"column":5}},"29":{"start":{"line":61,"column":78},"end":{"line":63,"column":4}},"30":{"start":{"line":64,"column":2},"end":{"line":64,"column":39}},"31":{"start":{"line":68,"column":54},"end":{"line":68,"column":58}},"32":{"start":{"line":69,"column":14},"end":{"line":69,"column":19}},"33":{"start":{"line":72,"column":2},"end":{"line":72,"column":17}},"34":{"start":{"line":73,"column":2},"end":{"line":73,"column":24}},"35":{"start":{"line":73,"column":17},"end":{"line":73,"column":24}},"36":{"start":{"line":74,"column":2},"end":{"line":80,"column":10}},"37":{"start":{"line":75,"column":4},"end":{"line":75,"column":21}},"38":{"start":{"line":76,"column":4},"end":{"line":79,"column":5}},"39":{"start":{"line":77,"column":6},"end":{"line":77,"column":22}},"40":{"start":{"line":78,"column":6},"end":{"line":78,"column":22}},"41":{"start":{"line":82,"column":2},"end":{"line":84,"column":3}},"42":{"start":{"line":83,"column":4},"end":{"line":83,"column":22}},"43":{"start":{"line":89,"column":2},"end":{"line":92,"column":3}},"44":{"start":{"line":90,"column":4},"end":{"line":90,"column":28}},"45":{"start":{"line":91,"column":4},"end":{"line":91,"column":21}},"46":{"start":{"line":93,"column":2},"end":{"line":96,"column":3}},"47":{"start":{"line":94,"column":4},"end":{"line":94,"column":20}},"48":{"start":{"line":95,"column":4},"end":{"line":95,"column":20}},"49":{"start":{"line":99,"column":0},"end":{"line":99,"column":36}},"50":{"start":{"line":101,"column":0},"end":{"line":101,"column":18}},"51":{"start":{"line":105,"column":15},"end":{"line":105,"column":72}},"52":{"start":{"line":106,"column":2},"end":{"line":106,"column":30}},"53":{"start":{"line":110,"column":2},"end":{"line":110,"column":31}},"54":{"start":{"line":114,"column":2},"end":{"line":114,"column":41}},"55":{"start":{"line":118,"column":2},"end":{"line":118,"column":38}},"56":{"start":{"line":118,"column":31},"end":{"line":118,"column":38}},"57":{"start":{"line":120,"column":14},"end":{"line":120,"column":43}},"58":{"start":{"line":122,"column":22},"end":{"line":122,"column":45}},"59":{"start":{"line":123,"column":2},"end":{"line":123,"column":60}},"60":{"start":{"line":123,"column":26},"end":{"line":123,"column":60}},"61":{"start":{"line":125,"column":2},"end":{"line":128,"column":5}},"62":{"start":{"line":130,"column":2},"end":{"line":132,"column":3}},"63":{"start":{"line":131,"column":4},"end":{"line":131,"column":97}},"64":{"start":{"line":133,"column":2},"end":{"line":133,"column":23}},"65":{"start":{"line":134,"column":2},"end":{"line":134,"column":18}},"66":{"start":{"line":135,"column":2},"end":{"line":135,"column":17}},"67":{"start":{"line":139,"column":2},"end":{"line":139,"column":44}},"68":{"start":{"line":139,"column":31},"end":{"line":139,"column":44}},"69":{"start":{"line":141,"column":14},"end":{"line":141,"column":43}},"70":{"start":{"line":142,"column":17},"end":{"line":142,"column":39}},"71":{"start":{"line":144,"column":2},"end":{"line":144,"column":28}},"72":{"start":{"line":144,"column":15},"end":{"line":144,"column":28}},"73":{"start":{"line":146,"column":16},"end":{"line":146,"column":78}},"74":{"start":{"line":147,"column":2},"end":{"line":147,"column":59}},"75":{"start":{"line":147,"column":46},"end":{"line":147,"column":59}},"76":{"start":{"line":150,"column":14},"end":{"line":150,"column":37}},"77":{"start":{"line":151,"column":2},"end":{"line":154,"column":3}},"78":{"start":{"line":152,"column":4},"end":{"line":152,"column":30}},"79":{"start":{"line":153,"column":4},"end":{"line":153,"column":25}},"80":{"start":{"line":156,"column":2},"end":{"line":156,"column":14}},"81":{"start":{"line":160,"column":2},"end":{"line":160,"column":46}},"82":{"start":{"line":160,"column":31},"end":{"line":160,"column":46}},"83":{"start":{"line":162,"column":22},"end":{"line":162,"column":51}},"84":{"start":{"line":164,"column":2},"end":{"line":173,"column":3}},"85":{"start":{"line":165,"column":4},"end":{"line":172,"column":5}},"86":{"start":{"line":166,"column":6},"end":{"line":171,"column":8}},"87":{"start":{"line":169,"column":68},"end":{"line":169,"column":93}},"88":{"start":{"line":175,"column":2},"end":{"line":175,"column":17}},"89":{"start":{"line":179,"column":2},"end":{"line":179,"column":32}},"90":{"start":{"line":182,"column":0},"end":{"line":189,"column":2}}},"fnMap":{"0":{"name":"loadFromStorage","decl":{"start":{"line":27,"column":9},"end":{"line":27,"column":24}},"loc":{"start":{"line":27,"column":24},"end":{"line":49,"column":1}}},"1":{"name":"(anonymous_2)","decl":{"start":{"line":33,"column":27},"end":{"line":33,"column":28}},"loc":{"start":{"line":33,"column":31},"end":{"line":38,"column":5}}},"2":{"name":"evictIfNeeded","decl":{"start":{"line":52,"column":9},"end":{"line":52,"column":22}},"loc":{"start":{"line":52,"column":22},"end":{"line":58,"column":1}}},"3":{"name":"saveToStorage","decl":{"start":{"line":60,"column":9},"end":{"line":60,"column":22}},"loc":{"start":{"line":60,"column":22},"end":{"line":65,"column":1}}},"4":{"name":"(anonymous_5)","decl":{"start":{"line":61,"column":59},"end":{"line":61,"column":60}},"loc":{"start":{"line":61,"column":78},"end":{"line":63,"column":4}}},"5":{"name":"scheduleSave","decl":{"start":{"line":71,"column":9},"end":{"line":71,"column":21}},"loc":{"start":{"line":71,"column":21},"end":{"line":85,"column":1}}},"6":{"name":"(anonymous_7)","decl":{"start":{"line":74,"column":25},"end":{"line":74,"column":28}},"loc":{"start":{"line":74,"column":30},"end":{"line":80,"column":3}}},"7":{"name":"flushSave","decl":{"start":{"line":88,"column":9},"end":{"line":88,"column":18}},"loc":{"start":{"line":88,"column":18},"end":{"line":97,"column":1}}},"8":{"name":"getCacheKey","decl":{"start":{"line":103,"column":9},"end":{"line":103,"column":20}},"loc":{"start":{"line":103,"column":53},"end":{"line":107,"column":1}}},"9":{"name":"getOptions","decl":{"start":{"line":109,"column":16},"end":{"line":109,"column":26}},"loc":{"start":{"line":109,"column":26},"end":{"line":111,"column":1}}},"10":{"name":"setOptions","decl":{"start":{"line":113,"column":16},"end":{"line":113,"column":26}},"loc":{"start":{"line":113,"column":59},"end":{"line":115,"column":1}}},"11":{"name":"addCache","decl":{"start":{"line":117,"column":16},"end":{"line":117,"column":24}},"loc":{"start":{"line":117,"column":57},"end":{"line":136,"column":1}}},"12":{"name":"checkCache","decl":{"start":{"line":138,"column":16},"end":{"line":138,"column":26}},"loc":{"start":{"line":138,"column":59},"end":{"line":157,"column":1}}},"13":{"name":"addCacheControl","decl":{"start":{"line":159,"column":16},"end":{"line":159,"column":31}},"loc":{"start":{"line":159,"column":93},"end":{"line":176,"column":1}}},"14":{"name":"(anonymous_15)","decl":{"start":{"line":169,"column":31},"end":{"line":169,"column":32}},"loc":{"start":{"line":169,"column":68},"end":{"line":169,"column":93}}},"15":{"name":"isEnabled","decl":{"start":{"line":178,"column":16},"end":{"line":178,"column":25}},"loc":{"start":{"line":178,"column":25},"end":{"line":180,"column":1}}}},"branchMap":{"0":{"loc":{"start":{"line":31,"column":18},"end":{"line":31,"column":80}},"type":"cond-expr","locations":[{"start":{"line":31,"column":50},"end":{"line":31,"column":63}},{"start":{"line":31,"column":66},"end":{"line":31,"column":80}}]},"1":{"loc":{"start":{"line":34,"column":6},"end":{"line":37,"column":7}},"type":"if","locations":[{"start":{"line":34,"column":6},"end":{"line":37,"column":7}}]},"2":{"loc":{"start":{"line":45,"column":4},"end":{"line":47,"column":5}},"type":"if","locations":[{"start":{"line":45,"column":4},"end":{"line":47,"column":5}}]},"3":{"loc":{"start":{"line":53,"column":9},"end":{"line":53,"column":69}},"type":"binary-expr","locations":[{"start":{"line":53,"column":9},"end":{"line":53,"column":44}},{"start":{"line":53,"column":48},"end":{"line":53,"column":69}}]},"4":{"loc":{"start":{"line":73,"column":2},"end":{"line":73,"column":24}},"type":"if","locations":[{"start":{"line":73,"column":2},"end":{"line":73,"column":24}}]},"5":{"loc":{"start":{"line":76,"column":4},"end":{"line":79,"column":5}},"type":"if","locations":[{"start":{"line":76,"column":4},"end":{"line":79,"column":5}}]},"6":{"loc":{"start":{"line":82,"column":2},"end":{"line":84,"column":3}},"type":"if","locations":[{"start":{"line":82,"column":2},"end":{"line":84,"column":3}}]},"7":{"loc":{"start":{"line":82,"column":6},"end":{"line":82,"column":72}},"type":"binary-expr","locations":[{"start":{"line":82,"column":6},"end":{"line":82,"column":15}},{"start":{"line":82,"column":19},"end":{"line":82,"column":48}},{"start":{"line":82,"column":52},"end":{"line":82,"column":72}}]},"8":{"loc":{"start":{"line":89,"column":2},"end":{"line":92,"column":3}},"type":"if","locations":[{"start":{"line":89,"column":2},"end":{"line":92,"column":3}}]},"9":{"loc":{"start":{"line":93,"column":2},"end":{"line":96,"column":3}},"type":"if","locations":[{"start":{"line":93,"column":2},"end":{"line":96,"column":3}}]},"10":{"loc":{"start":{"line":118,"column":2},"end":{"line":118,"column":38}},"type":"if","locations":[{"start":{"line":118,"column":2},"end":{"line":118,"column":38}}]},"11":{"loc":{"start":{"line":123,"column":2},"end":{"line":123,"column":60}},"type":"if","locations":[{"start":{"line":123,"column":2},"end":{"line":123,"column":60}}]},"12":{"loc":{"start":{"line":130,"column":2},"end":{"line":132,"column":3}},"type":"if","locations":[{"start":{"line":130,"column":2},"end":{"line":132,"column":3}}]},"13":{"loc":{"start":{"line":139,"column":2},"end":{"line":139,"column":44}},"type":"if","locations":[{"start":{"line":139,"column":2},"end":{"line":139,"column":44}}]},"14":{"loc":{"start":{"line":144,"column":2},"end":{"line":144,"column":28}},"type":"if","locations":[{"start":{"line":144,"column":2},"end":{"line":144,"column":28}}]},"15":{"loc":{"start":{"line":146,"column":16},"end":{"line":146,"column":78}},"type":"cond-expr","locations":[{"start":{"line":146,"column":48},"end":{"line":146,"column":61}},{"start":{"line":146,"column":64},"end":{"line":146,"column":78}}]},"16":{"loc":{"start":{"line":147,"column":2},"end":{"line":147,"column":59}},"type":"if","locations":[{"start":{"line":147,"column":2},"end":{"line":147,"column":59}}]},"17":{"loc":{"start":{"line":151,"column":2},"end":{"line":154,"column":3}},"type":"if","locations":[{"start":{"line":151,"column":2},"end":{"line":154,"column":3}}]},"18":{"loc":{"start":{"line":160,"column":2},"end":{"line":160,"column":46}},"type":"if","locations":[{"start":{"line":160,"column":2},"end":{"line":160,"column":46}}]},"19":{"loc":{"start":{"line":162,"column":22},"end":{"line":162,"column":51}},"type":"binary-expr","locations":[{"start":{"line":162,"column":22},"end":{"line":162,"column":27}},{"start":{"line":162,"column":31},"end":{"line":162,"column":51}}]},"20":{"loc":{"start":{"line":164,"column":2},"end":{"line":173,"column":3}},"type":"if","locations":[{"start":{"line":164,"column":2},"end":{"line":173,"column":3}}]},"21":{"loc":{"start":{"line":164,"column":6},"end":{"line":164,"column":56}},"type":"binary-expr","locations":[{"start":{"line":164,"column":6},"end":{"line":164,"column":30}},{"start":{"line":164,"column":34},"end":{"line":164,"column":56}}]},"22":{"loc":{"start":{"line":165,"column":4},"end":{"line":172,"column":5}},"type":"if","locations":[{"start":{"line":165,"column":4},"end":{"line":172,"column":5}}]},"23":{"loc":{"start":{"line":168,"column":16},"end":{"line":170,"column":75}},"type":"cond-expr","locations":[{"start":{"line":169,"column":12},"end":{"line":169,"column":95}},{"start":{"line":170,"column":12},"end":{"line":170,"column":75}}]}},"s":{"0":4,"1":4,"2":4,"3":4,"4":4,"5":4,"6":4,"7":4,"8":4,"9":4,"10":4,"11":4,"12":4,"13":4,"14":4,"15":4,"16":4,"17":4,"18":20,"19":0,"20":0,"21":4,"22":0,"23":0,"24":0,"25":14,"26":0,"27":0,"28":0,"29":0,"30":0,"31":4,"32":4,"33":10,"34":10,"35":9,"36":1,"37":0,"38":0,"39":0,"40":0,"41":1,"42":1,"43":0,"44":0,"45":0,"46":0,"47":0,"48":0,"49":4,"50":4,"51":20,"52":20,"53":1,"54":50,"55":11,"56":1,"57":10,"58":10,"59":10,"60":2,"61":10,"62":10,"63":1,"64":10,"65":10,"66":10,"67":12,"68":2,"69":10,"70":10,"71":10,"72":2,"73":8,"74":8,"75":0,"76":8,"77":8,"78":8,"79":8,"80":8,"81":5,"82":1,"83":4,"84":4,"85":4,"86":3,"87":1,"88":1,"89":2,"90":4},"f":{"0":4,"1":20,"2":14,"3":0,"4":0,"5":10,"6":0,"7":0,"8":20,"9":1,"10":50,"11":11,"12":12,"13":5,"14":1,"15":2},"b":{"0":[4,0],"1":[0],"2":[0],"3":[14,0],"4":[9],"5":[0],"6":[1],"7":[1,1,1],"8":[0],"9":[0],"10":[1],"11":[2],"12":[1],"13":[2],"14":[2],"15":[8,0],"16":[0],"17":[8],"18":[1],"19":[4,4],"20":[4],"21":[4,4],"22":[3],"23":[1,2]}}
,"/Users/yqgmac/yqg/project/tokenBao/src/optimizations/compression.ts": {"path":"/Users/yqgmac/yqg/project/tokenBao/src/optimizations/compression.ts","statementMap":{"0":{"start":{"line":6,"column":43},"end":{"line":9,"column":2}},"1":{"start":{"line":11,"column":21},"end":{"line":35,"column":2}},"2":{"start":{"line":38,"column":2},"end":{"line":38,"column":31}},"3":{"start":{"line":42,"column":2},"end":{"line":42,"column":41}},"4":{"start":{"line":47,"column":14},"end":{"line":47,"column":15}},"5":{"start":{"line":48,"column":2},"end":{"line":50,"column":3}},"6":{"start":{"line":49,"column":4},"end":{"line":49,"column":51}},"7":{"start":{"line":51,"column":2},"end":{"line":51,"column":26}},"8":{"start":{"line":59,"column":27},"end":{"line":59,"column":29}},"9":{"start":{"line":61,"column":22},"end":{"line":61,"column":52}},"10":{"start":{"line":62,"column":24},"end":{"line":65,"column":4}},"11":{"start":{"line":63,"column":4},"end":{"line":63,"column":23}},"12":{"start":{"line":64,"column":4},"end":{"line":64,"column":53}},"13":{"start":{"line":66,"column":2},"end":{"line":70,"column":4}},"14":{"start":{"line":69,"column":28},"end":{"line":69,"column":97}},"15":{"start":{"line":69,"column":77},"end":{"line":69,"column":96}},"16":{"start":{"line":74,"column":2},"end":{"line":76,"column":3}},"17":{"start":{"line":75,"column":4},"end":{"line":75,"column":36}},"18":{"start":{"line":78,"column":25},"end":{"line":78,"column":45}},"19":{"start":{"line":79,"column":48},"end":{"line":79,"column":71}},"20":{"start":{"line":80,"column":19},"end":{"line":80,"column":32}},"21":{"start":{"line":83,"column":2},"end":{"line":85,"column":3}},"22":{"start":{"line":84,"column":4},"end":{"line":84,"column":58}},"23":{"start":{"line":89,"column":2},"end":{"line":94,"column":12}},"24":{"start":{"line":97,"column":2},"end":{"line":97,"column":35}},"25":{"start":{"line":99,"column":20},"end":{"line":99,"column":46}},"26":{"start":{"line":102,"column":2},"end":{"line":104,"column":3}},"27":{"start":{"line":103,"column":4},"end":{"line":103,"column":36}},"28":{"start":{"line":106,"column":2},"end":{"line":109,"column":4}},"29":{"start":{"line":119,"column":2},"end":{"line":119,"column":56}},"30":{"start":{"line":119,"column":42},"end":{"line":119,"column":56}},"31":{"start":{"line":121,"column":2},"end":{"line":123,"column":3}},"32":{"start":{"line":122,"column":4},"end":{"line":122,"column":33}},"33":{"start":{"line":125,"column":2},"end":{"line":132,"column":3}},"34":{"start":{"line":126,"column":4},"end":{"line":131,"column":7}},"35":{"start":{"line":127,"column":6},"end":{"line":129,"column":7}},"36":{"start":{"line":128,"column":8},"end":{"line":128,"column":61}},"37":{"start":{"line":130,"column":6},"end":{"line":130,"column":19}},"38":{"start":{"line":134,"column":2},"end":{"line":134,"column":16}},"39":{"start":{"line":137,"column":0},"end":{"line":142,"column":2}}},"fnMap":{"0":{"name":"getOptions","decl":{"start":{"line":37,"column":9},"end":{"line":37,"column":19}},"loc":{"start":{"line":37,"column":19},"end":{"line":39,"column":1}}},"1":{"name":"setOptions","decl":{"start":{"line":41,"column":9},"end":{"line":41,"column":19}},"loc":{"start":{"line":41,"column":56},"end":{"line":43,"column":1}}},"2":{"name":"estimateTokens","decl":{"start":{"line":45,"column":9},"end":{"line":45,"column":23}},"loc":{"start":{"line":45,"column":36},"end":{"line":52,"column":1}}},"3":{"name":"protectCodeBlocks","decl":{"start":{"line":58,"column":9},"end":{"line":58,"column":26}},"loc":{"start":{"line":58,"column":39},"end":{"line":71,"column":1}}},"4":{"name":"(anonymous_4)","decl":{"start":{"line":62,"column":50},"end":{"line":62,"column":51}},"loc":{"start":{"line":62,"column":60},"end":{"line":65,"column":3}}},"5":{"name":"(anonymous_5)","decl":{"start":{"line":69,"column":13},"end":{"line":69,"column":14}},"loc":{"start":{"line":69,"column":28},"end":{"line":69,"column":97}}},"6":{"name":"(anonymous_6)","decl":{"start":{"line":69,"column":67},"end":{"line":69,"column":68}},"loc":{"start":{"line":69,"column":77},"end":{"line":69,"column":96}}},"7":{"name":"compress","decl":{"start":{"line":73,"column":9},"end":{"line":73,"column":17}},"loc":{"start":{"line":73,"column":30},"end":{"line":110,"column":1}}},"8":{"name":"compressPrompt","decl":{"start":{"line":118,"column":9},"end":{"line":118,"column":23}},"loc":{"start":{"line":118,"column":55},"end":{"line":135,"column":1}}},"9":{"name":"(anonymous_9)","decl":{"start":{"line":126,"column":22},"end":{"line":126,"column":23}},"loc":{"start":{"line":126,"column":32},"end":{"line":131,"column":5}}}},"branchMap":{"0":{"loc":{"start":{"line":49,"column":13},"end":{"line":49,"column":50}},"type":"cond-expr","locations":[{"start":{"line":49,"column":40},"end":{"line":49,"column":43}},{"start":{"line":49,"column":46},"end":{"line":49,"column":50}}]},"1":{"loc":{"start":{"line":74,"column":2},"end":{"line":76,"column":3}},"type":"if","locations":[{"start":{"line":74,"column":2},"end":{"line":76,"column":3}}]},"2":{"loc":{"start":{"line":102,"column":2},"end":{"line":104,"column":3}},"type":"if","locations":[{"start":{"line":102,"column":2},"end":{"line":104,"column":3}}]},"3":{"loc":{"start":{"line":119,"column":2},"end":{"line":119,"column":56}},"type":"if","locations":[{"start":{"line":119,"column":2},"end":{"line":119,"column":56}}]},"4":{"loc":{"start":{"line":119,"column":6},"end":{"line":119,"column":40}},"type":"binary-expr","locations":[{"start":{"line":119,"column":6},"end":{"line":119,"column":29}},{"start":{"line":119,"column":33},"end":{"line":119,"column":40}}]},"5":{"loc":{"start":{"line":121,"column":2},"end":{"line":123,"column":3}},"type":"if","locations":[{"start":{"line":121,"column":2},"end":{"line":123,"column":3}}]},"6":{"loc":{"start":{"line":125,"column":2},"end":{"line":132,"column":3}},"type":"if","locations":[{"start":{"line":125,"column":2},"end":{"line":132,"column":3}}]},"7":{"loc":{"start":{"line":127,"column":6},"end":{"line":129,"column":7}},"type":"if","locations":[{"start":{"line":127,"column":6},"end":{"line":129,"column":7}}]},"8":{"loc":{"start":{"line":127,"column":10},"end":{"line":127,"column":45}},"type":"binary-expr","locations":[{"start":{"line":127,"column":10},"end":{"line":127,"column":31}},{"start":{"line":127,"column":35},"end":{"line":127,"column":45}}]}},"s":{"0":4,"1":4,"2":0,"3":47,"4":82,"5":82,"6":2284,"7":82,"8":41,"9":41,"10":41,"11":8,"12":8,"13":41,"14":41,"15":8,"16":42,"17":1,"18":41,"19":41,"20":41,"21":41,"22":820,"23":41,"24":41,"25":41,"26":41,"27":0,"28":41,"29":4,"30":2,"31":2,"32":1,"33":1,"34":1,"35":2,"36":1,"37":1,"38":0,"39":4},"f":{"0":0,"1":47,"2":82,"3":41,"4":8,"5":41,"6":8,"7":42,"8":4,"9":2},"b":{"0":[28,2256],"1":[1],"2":[0],"3":[2],"4":[4,4],"5":[1],"6":[1],"7":[1],"8":[2,1]}}
,"/Users/yqgmac/yqg/project/tokenBao/src/optimizations/index.ts": {"path":"/Users/yqgmac/yqg/project/tokenBao/src/optimizations/index.ts","statementMap":{"0":{"start":{"line":70,"column":0},"end":{"line":70,"column":16}},"1":{"start":{"line":77,"column":0},"end":{"line":77,"column":16}},"2":{"start":{"line":81,"column":0},"end":{"line":81,"column":16}},"3":{"start":{"line":1,"column":0},"end":{"line":1,"column":9}},"4":{"start":{"line":1,"column":9},"end":{"line":1,"column":27}},"5":{"start":{"line":2,"column":0},"end":{"line":2,"column":9}},"6":{"start":{"line":2,"column":9},"end":{"line":2,"column":31}},"7":{"start":{"line":3,"column":0},"end":{"line":3,"column":9}},"8":{"start":{"line":3,"column":9},"end":{"line":3,"column":27}},"9":{"start":{"line":4,"column":0},"end":{"line":4,"column":9}},"10":{"start":{"line":4,"column":9},"end":{"line":4,"column":25}},"11":{"start":{"line":5,"column":0},"end":{"line":5,"column":9}},"12":{"start":{"line":5,"column":9},"end":{"line":5,"column":25}},"13":{"start":{"line":7,"column":0},"end":{"line":7,"column":38}},"14":{"start":{"line":8,"column":0},"end":{"line":8,"column":46}},"15":{"start":{"line":9,"column":0},"end":{"line":9,"column":38}},"16":{"start":{"line":10,"column":0},"end":{"line":10,"column":34}},"17":{"start":{"line":11,"column":0},"end":{"line":11,"column":55}},"18":{"start":{"line":62,"column":35},"end":{"line":68,"column":2}},"19":{"start":{"line":71,"column":2},"end":{"line":71,"column":35}},"20":{"start":{"line":72,"column":2},"end":{"line":72,"column":77}},"21":{"start":{"line":73,"column":2},"end":{"line":73,"column":89}},"22":{"start":{"line":74,"column":2},"end":{"line":74,"column":77}},"23":{"start":{"line":78,"column":2},"end":{"line":78,"column":23}},"24":{"start":{"line":82,"column":20},"end":{"line":82,"column":30}},"25":{"start":{"line":83,"column":37},"end":{"line":89,"column":4}},"26":{"start":{"line":91,"column":2},"end":{"line":93,"column":3}},"27":{"start":{"line":92,"column":4},"end":{"line":92,"column":18}},"28":{"start":{"line":95,"column":2},"end":{"line":95,"column":83}},"29":{"start":{"line":98,"column":21},"end":{"line":98,"column":60}},"30":{"start":{"line":101,"column":2},"end":{"line":134,"column":3}},"31":{"start":{"line":102,"column":4},"end":{"line":133,"column":5}},"32":{"start":{"line":103,"column":6},"end":{"line":126,"column":9}},"33":{"start":{"line":104,"column":8},"end":{"line":109,"column":9}},"34":{"start":{"line":105,"column":28},"end":{"line":105,"column":63}},"35":{"start":{"line":106,"column":10},"end":{"line":108,"column":11}},"36":{"start":{"line":107,"column":12},"end":{"line":107,"column":50}},"37":{"start":{"line":110,"column":8},"end":{"line":124,"column":9}},"38":{"start":{"line":111,"column":10},"end":{"line":123,"column":12}},"39":{"start":{"line":114,"column":14},"end":{"line":120,"column":15}},"40":{"start":{"line":115,"column":34},"end":{"line":115,"column":59}},"41":{"start":{"line":116,"column":34},"end":{"line":116,"column":72}},"42":{"start":{"line":117,"column":16},"end":{"line":119,"column":17}},"43":{"start":{"line":118,"column":18},"end":{"line":118,"column":55}},"44":{"start":{"line":121,"column":14},"end":{"line":121,"column":27}},"45":{"start":{"line":125,"column":8},"end":{"line":125,"column":19}},"46":{"start":{"line":127,"column":27},"end":{"line":127,"column":73}},"47":{"start":{"line":127,"column":63},"end":{"line":127,"column":72}},"48":{"start":{"line":128,"column":6},"end":{"line":130,"column":7}},"49":{"start":{"line":129,"column":8},"end":{"line":129,"column":71}},"50":{"start":{"line":132,"column":6},"end":{"line":132,"column":60}},"51":{"start":{"line":137,"column":2},"end":{"line":163,"column":3}},"52":{"start":{"line":138,"column":4},"end":{"line":162,"column":5}},"53":{"start":{"line":139,"column":6},"end":{"line":158,"column":9}},"54":{"start":{"line":140,"column":8},"end":{"line":143,"column":9}},"55":{"start":{"line":141,"column":29},"end":{"line":141,"column":68}},"56":{"start":{"line":142,"column":10},"end":{"line":142,"column":54}},"57":{"start":{"line":144,"column":8},"end":{"line":156,"column":9}},"58":{"start":{"line":145,"column":10},"end":{"line":155,"column":12}},"59":{"start":{"line":148,"column":14},"end":{"line":152,"column":15}},"60":{"start":{"line":149,"column":34},"end":{"line":149,"column":59}},"61":{"start":{"line":150,"column":35},"end":{"line":150,"column":77}},"62":{"start":{"line":151,"column":16},"end":{"line":151,"column":59}},"63":{"start":{"line":153,"column":14},"end":{"line":153,"column":27}},"64":{"start":{"line":157,"column":8},"end":{"line":157,"column":19}},"65":{"start":{"line":159,"column":6},"end":{"line":159,"column":51}},"66":{"start":{"line":161,"column":6},"end":{"line":161,"column":60}},"67":{"start":{"line":166,"column":2},"end":{"line":177,"column":3}},"68":{"start":{"line":167,"column":4},"end":{"line":176,"column":5}},"69":{"start":{"line":168,"column":21},"end":{"line":168,"column":58}},"70":{"start":{"line":169,"column":26},"end":{"line":169,"column":78}},"71":{"start":{"line":170,"column":6},"end":{"line":173,"column":7}},"72":{"start":{"line":171,"column":8},"end":{"line":171,"column":41}},"73":{"start":{"line":172,"column":8},"end":{"line":172,"column":78}},"74":{"start":{"line":175,"column":6},"end":{"line":175,"column":60}},"75":{"start":{"line":180,"column":2},"end":{"line":189,"column":3}},"76":{"start":{"line":181,"column":4},"end":{"line":188,"column":5}},"77":{"start":{"line":182,"column":6},"end":{"line":182,"column":65}},"78":{"start":{"line":183,"column":6},"end":{"line":185,"column":7}},"79":{"start":{"line":184,"column":8},"end":{"line":184,"column":49}},"80":{"start":{"line":187,"column":6},"end":{"line":187,"column":71}},"81":{"start":{"line":192,"column":2},"end":{"line":197,"column":3}},"82":{"start":{"line":193,"column":4},"end":{"line":193,"column":37}},"83":{"start":{"line":194,"column":4},"end":{"line":194,"column":31}},"84":{"start":{"line":195,"column":4},"end":{"line":195,"column":27}},"85":{"start":{"line":196,"column":4},"end":{"line":196,"column":34}},"86":{"start":{"line":199,"column":2},"end":{"line":199,"column":92}},"87":{"start":{"line":200,"column":2},"end":{"line":200,"column":70}},"88":{"start":{"line":201,"column":2},"end":{"line":201,"column":37}},"89":{"start":{"line":203,"column":19},"end":{"line":203,"column":41}},"90":{"start":{"line":204,"column":2},"end":{"line":206,"column":3}},"91":{"start":{"line":205,"column":4},"end":{"line":205,"column":87}},"92":{"start":{"line":208,"column":2},"end":{"line":208,"column":16}},"93":{"start":{"line":212,"column":2},"end":{"line":223,"column":15}},"94":{"start":{"line":214,"column":6},"end":{"line":214,"column":62}},"95":{"start":{"line":214,"column":43},"end":{"line":214,"column":62}},"96":{"start":{"line":215,"column":6},"end":{"line":220,"column":7}},"97":{"start":{"line":216,"column":8},"end":{"line":219,"column":21}},"98":{"start":{"line":217,"column":56},"end":{"line":217,"column":77}},"99":{"start":{"line":218,"column":26},"end":{"line":218,"column":36}},"100":{"start":{"line":221,"column":6},"end":{"line":221,"column":16}},"101":{"start":{"line":227,"column":2},"end":{"line":232,"column":5}},"102":{"start":{"line":228,"column":4},"end":{"line":230,"column":5}},"103":{"start":{"line":229,"column":6},"end":{"line":229,"column":110}},"104":{"start":{"line":229,"column":41},"end":{"line":229,"column":108}},"105":{"start":{"line":231,"column":4},"end":{"line":231,"column":17}}},"fnMap":{"0":{"name":"(anonymous_1)","decl":{"start":{"line":1,"column":9},"end":{"line":1,"column":16}},"loc":{"start":{"line":1,"column":9},"end":{"line":1,"column":27}}},"1":{"name":"(anonymous_2)","decl":{"start":{"line":2,"column":9},"end":{"line":2,"column":16}},"loc":{"start":{"line":2,"column":9},"end":{"line":2,"column":31}}},"2":{"name":"(anonymous_3)","decl":{"start":{"line":3,"column":9},"end":{"line":3,"column":16}},"loc":{"start":{"line":3,"column":9},"end":{"line":3,"column":27}}},"3":{"name":"(anonymous_4)","decl":{"start":{"line":4,"column":9},"end":{"line":4,"column":16}},"loc":{"start":{"line":4,"column":9},"end":{"line":4,"column":25}}},"4":{"name":"(anonymous_5)","decl":{"start":{"line":5,"column":9},"end":{"line":5,"column":16}},"loc":{"start":{"line":5,"column":9},"end":{"line":5,"column":25}}},"5":{"name":"setOptimizationConfig","decl":{"start":{"line":70,"column":16},"end":{"line":70,"column":37}},"loc":{"start":{"line":70,"column":76},"end":{"line":75,"column":1}}},"6":{"name":"getOptimizationConfig","decl":{"start":{"line":77,"column":16},"end":{"line":77,"column":37}},"loc":{"start":{"line":77,"column":37},"end":{"line":79,"column":1}}},"7":{"name":"applyOptimizations","decl":{"start":{"line":81,"column":16},"end":{"line":81,"column":34}},"loc":{"start":{"line":81,"column":72},"end":{"line":209,"column":1}}},"8":{"name":"(anonymous_9)","decl":{"start":{"line":103,"column":56},"end":{"line":103,"column":57}},"loc":{"start":{"line":103,"column":77},"end":{"line":126,"column":7}}},"9":{"name":"(anonymous_10)","decl":{"start":{"line":113,"column":37},"end":{"line":113,"column":38}},"loc":{"start":{"line":113,"column":47},"end":{"line":122,"column":13}}},"10":{"name":"(anonymous_11)","decl":{"start":{"line":127,"column":58},"end":{"line":127,"column":59}},"loc":{"start":{"line":127,"column":63},"end":{"line":127,"column":72}}},"11":{"name":"(anonymous_12)","decl":{"start":{"line":139,"column":56},"end":{"line":139,"column":57}},"loc":{"start":{"line":139,"column":77},"end":{"line":158,"column":7}}},"12":{"name":"(anonymous_13)","decl":{"start":{"line":147,"column":37},"end":{"line":147,"column":38}},"loc":{"start":{"line":147,"column":47},"end":{"line":154,"column":13}}},"13":{"name":"messagesToText","decl":{"start":{"line":211,"column":9},"end":{"line":211,"column":23}},"loc":{"start":{"line":211,"column":47},"end":{"line":224,"column":1}}},"14":{"name":"(anonymous_15)","decl":{"start":{"line":213,"column":9},"end":{"line":213,"column":10}},"loc":{"start":{"line":213,"column":17},"end":{"line":222,"column":5}}},"15":{"name":"(anonymous_16)","decl":{"start":{"line":217,"column":18},"end":{"line":217,"column":19}},"loc":{"start":{"line":217,"column":56},"end":{"line":217,"column":77}}},"16":{"name":"(anonymous_17)","decl":{"start":{"line":218,"column":15},"end":{"line":218,"column":16}},"loc":{"start":{"line":218,"column":26},"end":{"line":218,"column":36}}},"17":{"name":"hasCacheMarkers","decl":{"start":{"line":226,"column":9},"end":{"line":226,"column":24}},"loc":{"start":{"line":226,"column":48},"end":{"line":233,"column":1}}},"18":{"name":"(anonymous_19)","decl":{"start":{"line":227,"column":23},"end":{"line":227,"column":24}},"loc":{"start":{"line":227,"column":31},"end":{"line":232,"column":3}}},"19":{"name":"(anonymous_20)","decl":{"start":{"line":229,"column":30},"end":{"line":229,"column":31}},"loc":{"start":{"line":229,"column":41},"end":{"line":229,"column":108}}}},"branchMap":{"0":{"loc":{"start":{"line":72,"column":38},"end":{"line":72,"column":73}},"type":"binary-expr","locations":[{"start":{"line":72,"column":38},"end":{"line":72,"column":55}},{"start":{"line":72,"column":59},"end":{"line":72,"column":73}}]},"1":{"loc":{"start":{"line":73,"column":42},"end":{"line":73,"column":85}},"type":"binary-expr","locations":[{"start":{"line":73,"column":42},"end":{"line":73,"column":63}},{"start":{"line":73,"column":67},"end":{"line":73,"column":85}}]},"2":{"loc":{"start":{"line":74,"column":38},"end":{"line":74,"column":73}},"type":"binary-expr","locations":[{"start":{"line":74,"column":38},"end":{"line":74,"column":55}},{"start":{"line":74,"column":59},"end":{"line":74,"column":73}}]},"3":{"loc":{"start":{"line":91,"column":2},"end":{"line":93,"column":3}},"type":"if","locations":[{"start":{"line":91,"column":2},"end":{"line":93,"column":3}}]},"4":{"loc":{"start":{"line":91,"column":6},"end":{"line":91,"column":29}},"type":"binary-expr","locations":[{"start":{"line":91,"column":6},"end":{"line":91,"column":11}},{"start":{"line":91,"column":15},"end":{"line":91,"column":29}}]},"5":{"loc":{"start":{"line":101,"column":2},"end":{"line":134,"column":3}},"type":"if","locations":[{"start":{"line":101,"column":2},"end":{"line":134,"column":3}}]},"6":{"loc":{"start":{"line":104,"column":8},"end":{"line":109,"column":9}},"type":"if","locations":[{"start":{"line":104,"column":8},"end":{"line":109,"column":9}}]},"7":{"loc":{"start":{"line":106,"column":10},"end":{"line":108,"column":11}},"type":"if","locations":[{"start":{"line":106,"column":10},"end":{"line":108,"column":11}}]},"8":{"loc":{"start":{"line":110,"column":8},"end":{"line":124,"column":9}},"type":"if","locations":[{"start":{"line":110,"column":8},"end":{"line":124,"column":9}}]},"9":{"loc":{"start":{"line":114,"column":14},"end":{"line":120,"column":15}},"type":"if","locations":[{"start":{"line":114,"column":14},"end":{"line":120,"column":15}}]},"10":{"loc":{"start":{"line":114,"column":18},"end":{"line":114,"column":75}},"type":"binary-expr","locations":[{"start":{"line":114,"column":18},"end":{"line":114,"column":39}},{"start":{"line":114,"column":44},"end":{"line":114,"column":75}}]},"11":{"loc":{"start":{"line":117,"column":16},"end":{"line":119,"column":17}},"type":"if","locations":[{"start":{"line":117,"column":16},"end":{"line":119,"column":17}}]},"12":{"loc":{"start":{"line":128,"column":6},"end":{"line":130,"column":7}},"type":"if","locations":[{"start":{"line":128,"column":6},"end":{"line":130,"column":7}}]},"13":{"loc":{"start":{"line":137,"column":2},"end":{"line":163,"column":3}},"type":"if","locations":[{"start":{"line":137,"column":2},"end":{"line":163,"column":3}}]},"14":{"loc":{"start":{"line":140,"column":8},"end":{"line":143,"column":9}},"type":"if","locations":[{"start":{"line":140,"column":8},"end":{"line":143,"column":9}}]},"15":{"loc":{"start":{"line":144,"column":8},"end":{"line":156,"column":9}},"type":"if","locations":[{"start":{"line":144,"column":8},"end":{"line":156,"column":9}}]},"16":{"loc":{"start":{"line":148,"column":14},"end":{"line":152,"column":15}},"type":"if","locations":[{"start":{"line":148,"column":14},"end":{"line":152,"column":15}}]},"17":{"loc":{"start":{"line":148,"column":18},"end":{"line":148,"column":75}},"type":"binary-expr","locations":[{"start":{"line":148,"column":18},"end":{"line":148,"column":39}},{"start":{"line":148,"column":44},"end":{"line":148,"column":75}}]},"18":{"loc":{"start":{"line":166,"column":2},"end":{"line":177,"column":3}},"type":"if","locations":[{"start":{"line":166,"column":2},"end":{"line":177,"column":3}}]},"19":{"loc":{"start":{"line":166,"column":6},"end":{"line":166,"column":42}},"type":"binary-expr","locations":[{"start":{"line":166,"column":6},"end":{"line":166,"column":20}},{"start":{"line":166,"column":24},"end":{"line":166,"column":42}}]},"20":{"loc":{"start":{"line":170,"column":6},"end":{"line":173,"column":7}},"type":"if","locations":[{"start":{"line":170,"column":6},"end":{"line":173,"column":7}}]},"21":{"loc":{"start":{"line":180,"column":2},"end":{"line":189,"column":3}},"type":"if","locations":[{"start":{"line":180,"column":2},"end":{"line":189,"column":3}}]},"22":{"loc":{"start":{"line":180,"column":6},"end":{"line":180,"column":47}},"type":"binary-expr","locations":[{"start":{"line":180,"column":6},"end":{"line":180,"column":20}},{"start":{"line":180,"column":24},"end":{"line":180,"column":47}}]},"23":{"loc":{"start":{"line":183,"column":6},"end":{"line":185,"column":7}},"type":"if","locations":[{"start":{"line":183,"column":6},"end":{"line":185,"column":7}}]},"24":{"loc":{"start":{"line":183,"column":10},"end":{"line":183,"column":71}},"type":"binary-expr","locations":[{"start":{"line":183,"column":10},"end":{"line":183,"column":29}},{"start":{"line":183,"column":33},"end":{"line":183,"column":71}}]},"25":{"loc":{"start":{"line":192,"column":2},"end":{"line":197,"column":3}},"type":"if","locations":[{"start":{"line":192,"column":2},"end":{"line":197,"column":3}}]},"26":{"loc":{"start":{"line":192,"column":6},"end":{"line":192,"column":69}},"type":"binary-expr","locations":[{"start":{"line":192,"column":6},"end":{"line":192,"column":28}},{"start":{"line":192,"column":32},"end":{"line":192,"column":69}}]},"27":{"loc":{"start":{"line":204,"column":2},"end":{"line":206,"column":3}},"type":"if","locations":[{"start":{"line":204,"column":2},"end":{"line":206,"column":3}}]},"28":{"loc":{"start":{"line":214,"column":6},"end":{"line":214,"column":62}},"type":"if","locations":[{"start":{"line":214,"column":6},"end":{"line":214,"column":62}}]},"29":{"loc":{"start":{"line":215,"column":6},"end":{"line":220,"column":7}},"type":"if","locations":[{"start":{"line":215,"column":6},"end":{"line":220,"column":7}}]},"30":{"loc":{"start":{"line":228,"column":4},"end":{"line":230,"column":5}},"type":"if","locations":[{"start":{"line":228,"column":4},"end":{"line":230,"column":5}}]},"31":{"loc":{"start":{"line":229,"column":41},"end":{"line":229,"column":108}},"type":"binary-expr","locations":[{"start":{"line":229,"column":41},"end":{"line":229,"column":62}},{"start":{"line":229,"column":67},"end":{"line":229,"column":108}}]}},"s":{"0":3,"1":3,"2":3,"3":3,"4":3,"5":3,"6":3,"7":3,"8":3,"9":3,"10":3,"11":3,"12":3,"13":3,"14":3,"15":3,"16":3,"17":3,"18":3,"19":17,"20":17,"21":17,"22":17,"23":2,"24":17,"25":17,"26":17,"27":2,"28":15,"29":15,"30":15,"31":13,"32":13,"33":13,"34":11,"35":11,"36":1,"37":12,"38":2,"39":4,"40":2,"41":2,"42":2,"43":1,"44":3,"45":10,"46":13,"47":4,"48":13,"49":2,"50":0,"51":15,"52":14,"53":14,"54":14,"55":12,"56":12,"57":2,"58":2,"59":4,"60":2,"61":2,"62":2,"63":2,"64":0,"65":14,"66":0,"67":15,"68":14,"69":14,"70":14,"71":14,"72":1,"73":1,"74":0,"75":15,"76":1,"77":1,"78":1,"79":1,"80":0,"81":15,"82":0,"83":0,"84":0,"85":0,"86":15,"87":15,"88":15,"89":15,"90":15,"91":2,"92":15,"93":14,"94":14,"95":12,"96":2,"97":2,"98":4,"99":2,"100":0,"101":0,"102":0,"103":0,"104":0,"105":0},"f":{"0":0,"1":0,"2":0,"3":0,"4":0,"5":17,"6":2,"7":17,"8":13,"9":4,"10":4,"11":14,"12":4,"13":14,"14":14,"15":4,"16":2,"17":0,"18":0,"19":0},"b":{"0":[17,2],"1":[17,1],"2":[17,2],"3":[2],"4":[17,17],"5":[13],"6":[11],"7":[1],"8":[2],"9":[2],"10":[4,2],"11":[1],"12":[2],"13":[14],"14":[12],"15":[2],"16":[2],"17":[4,2],"18":[14],"19":[15,14],"20":[1],"21":[1],"22":[15,14],"23":[1],"24":[1,0],"25":[0],"26":[15,15],"27":[2],"28":[12],"29":[2],"30":[0],"31":[0,0]}}
,"/Users/yqgmac/yqg/project/tokenBao/src/optimizations/routing.ts": {"path":"/Users/yqgmac/yqg/project/tokenBao/src/optimizations/routing.ts","statementMap":{"0":{"start":{"line":2,"column":32},"end":{"line":2,"column":35}},"1":{"start":{"line":3,"column":33},"end":{"line":3,"column":37}},"2":{"start":{"line":16,"column":39},"end":{"line":49,"column":2}},"3":{"start":{"line":51,"column":23},"end":{"line":56,"column":2}},"4":{"start":{"line":58,"column":27},"end":{"line":62,"column":2}},"5":{"start":{"line":64,"column":24},"end":{"line":72,"column":2}},"6":{"start":{"line":75,"column":2},"end":{"line":75,"column":31}},"7":{"start":{"line":79,"column":2},"end":{"line":79,"column":41}},"8":{"start":{"line":83,"column":16},"end":{"line":83,"column":36}},"9":{"start":{"line":86,"column":20},"end":{"line":86,"column":21}},"10":{"start":{"line":87,"column":24},"end":{"line":87,"column":25}},"11":{"start":{"line":88,"column":21},"end":{"line":88,"column":22}},"12":{"start":{"line":90,"column":2},"end":{"line":92,"column":3}},"13":{"start":{"line":91,"column":4},"end":{"line":91,"column":53}},"14":{"start":{"line":91,"column":30},"end":{"line":91,"column":44}},"15":{"start":{"line":91,"column":45},"end":{"line":91,"column":51}},"16":{"start":{"line":94,"column":2},"end":{"line":96,"column":3}},"17":{"start":{"line":95,"column":4},"end":{"line":95,"column":57}},"18":{"start":{"line":95,"column":30},"end":{"line":95,"column":48}},"19":{"start":{"line":95,"column":49},"end":{"line":95,"column":55}},"20":{"start":{"line":98,"column":2},"end":{"line":100,"column":3}},"21":{"start":{"line":99,"column":4},"end":{"line":99,"column":54}},"22":{"start":{"line":99,"column":30},"end":{"line":99,"column":45}},"23":{"start":{"line":99,"column":46},"end":{"line":99,"column":52}},"24":{"start":{"line":103,"column":2},"end":{"line":103,"column":65}},"25":{"start":{"line":103,"column":47},"end":{"line":103,"column":65}},"26":{"start":{"line":104,"column":2},"end":{"line":104,"column":66}},"27":{"start":{"line":104,"column":48},"end":{"line":104,"column":66}},"28":{"start":{"line":106,"column":19},"end":{"line":106,"column":71}},"29":{"start":{"line":109,"column":2},"end":{"line":109,"column":39}},"30":{"start":{"line":109,"column":22},"end":{"line":109,"column":39}},"31":{"start":{"line":113,"column":2},"end":{"line":113,"column":107}},"32":{"start":{"line":113,"column":90},"end":{"line":113,"column":107}},"33":{"start":{"line":114,"column":2},"end":{"line":114,"column":81}},"34":{"start":{"line":114,"column":61},"end":{"line":114,"column":81}},"35":{"start":{"line":115,"column":2},"end":{"line":115,"column":47}},"36":{"start":{"line":115,"column":23},"end":{"line":115,"column":47}},"37":{"start":{"line":116,"column":2},"end":{"line":116,"column":18}},"38":{"start":{"line":120,"column":2},"end":{"line":120,"column":44}},"39":{"start":{"line":120,"column":31},"end":{"line":120,"column":44}},"40":{"start":{"line":122,"column":20},"end":{"line":122,"column":44}},"41":{"start":{"line":125,"column":2},"end":{"line":125,"column":44}},"42":{"start":{"line":125,"column":31},"end":{"line":125,"column":44}},"43":{"start":{"line":128,"column":2},"end":{"line":132,"column":3}},"44":{"start":{"line":129,"column":4},"end":{"line":131,"column":5}},"45":{"start":{"line":130,"column":6},"end":{"line":130,"column":30}},"46":{"start":{"line":135,"column":60},"end":{"line":139,"column":10}},"47":{"start":{"line":141,"column":2},"end":{"line":147,"column":3}},"48":{"start":{"line":142,"column":4},"end":{"line":146,"column":5}},"49":{"start":{"line":143,"column":6},"end":{"line":145,"column":7}},"50":{"start":{"line":144,"column":8},"end":{"line":144,"column":32}},"51":{"start":{"line":150,"column":2},"end":{"line":150,"column":15}},"52":{"start":{"line":153,"column":0},"end":{"line":158,"column":2}}},"fnMap":{"0":{"name":"getOptions","decl":{"start":{"line":74,"column":9},"end":{"line":74,"column":19}},"loc":{"start":{"line":74,"column":19},"end":{"line":76,"column":1}}},"1":{"name":"setOptions","decl":{"start":{"line":78,"column":9},"end":{"line":78,"column":19}},"loc":{"start":{"line":78,"column":52},"end":{"line":80,"column":1}}},"2":{"name":"detectComplexity","decl":{"start":{"line":82,"column":9},"end":{"line":82,"column":25}},"loc":{"start":{"line":82,"column":40},"end":{"line":117,"column":1}}},"3":{"name":"routeModel","decl":{"start":{"line":119,"column":9},"end":{"line":119,"column":19}},"loc":{"start":{"line":119,"column":49},"end":{"line":151,"column":1}}}},"branchMap":{"0":{"loc":{"start":{"line":91,"column":4},"end":{"line":91,"column":53}},"type":"if","locations":[{"start":{"line":91,"column":4},"end":{"line":91,"column":53}}]},"1":{"loc":{"start":{"line":95,"column":4},"end":{"line":95,"column":57}},"type":"if","locations":[{"start":{"line":95,"column":4},"end":{"line":95,"column":57}}]},"2":{"loc":{"start":{"line":99,"column":4},"end":{"line":99,"column":54}},"type":"if","locations":[{"start":{"line":99,"column":4},"end":{"line":99,"column":54}}]},"3":{"loc":{"start":{"line":103,"column":2},"end":{"line":103,"column":65}},"type":"if","locations":[{"start":{"line":103,"column":2},"end":{"line":103,"column":65}}]},"4":{"loc":{"start":{"line":104,"column":2},"end":{"line":104,"column":66}},"type":"if","locations":[{"start":{"line":104,"column":2},"end":{"line":104,"column":66}}]},"5":{"loc":{"start":{"line":109,"column":2},"end":{"line":109,"column":39}},"type":"if","locations":[{"start":{"line":109,"column":2},"end":{"line":109,"column":39}}]},"6":{"loc":{"start":{"line":113,"column":2},"end":{"line":113,"column":107}},"type":"if","locations":[{"start":{"line":113,"column":2},"end":{"line":113,"column":107}}]},"7":{"loc":{"start":{"line":113,"column":6},"end":{"line":113,"column":88}},"type":"binary-expr","locations":[{"start":{"line":113,"column":6},"end":{"line":113,"column":22}},{"start":{"line":113,"column":26},"end":{"line":113,"column":57}},{"start":{"line":113,"column":61},"end":{"line":113,"column":88}}]},"8":{"loc":{"start":{"line":114,"column":2},"end":{"line":114,"column":81}},"type":"if","locations":[{"start":{"line":114,"column":2},"end":{"line":114,"column":81}}]},"9":{"loc":{"start":{"line":114,"column":6},"end":{"line":114,"column":59}},"type":"binary-expr","locations":[{"start":{"line":114,"column":6},"end":{"line":114,"column":25}},{"start":{"line":114,"column":29},"end":{"line":114,"column":59}}]},"10":{"loc":{"start":{"line":115,"column":2},"end":{"line":115,"column":47}},"type":"if","locations":[{"start":{"line":115,"column":2},"end":{"line":115,"column":47}}]},"11":{"loc":{"start":{"line":120,"column":2},"end":{"line":120,"column":44}},"type":"if","locations":[{"start":{"line":120,"column":2},"end":{"line":120,"column":44}}]},"12":{"loc":{"start":{"line":125,"column":2},"end":{"line":125,"column":44}},"type":"if","locations":[{"start":{"line":125,"column":2},"end":{"line":125,"column":44}}]},"13":{"loc":{"start":{"line":129,"column":4},"end":{"line":131,"column":5}},"type":"if","locations":[{"start":{"line":129,"column":4},"end":{"line":131,"column":5}}]},"14":{"loc":{"start":{"line":129,"column":8},"end":{"line":129,"column":66}},"type":"binary-expr","locations":[{"start":{"line":129,"column":8},"end":{"line":129,"column":34}},{"start":{"line":129,"column":38},"end":{"line":129,"column":66}}]},"15":{"loc":{"start":{"line":135,"column":60},"end":{"line":139,"column":10}},"type":"cond-expr","locations":[{"start":{"line":136,"column":6},"end":{"line":136,"column":34}},{"start":{"line":137,"column":6},"end":{"line":139,"column":10}}]},"16":{"loc":{"start":{"line":137,"column":6},"end":{"line":139,"column":10}},"type":"cond-expr","locations":[{"start":{"line":138,"column":8},"end":{"line":138,"column":18}},{"start":{"line":139,"column":8},"end":{"line":139,"column":10}}]},"17":{"loc":{"start":{"line":143,"column":6},"end":{"line":145,"column":7}},"type":"if","locations":[{"start":{"line":143,"column":6},"end":{"line":145,"column":7}}]},"18":{"loc":{"start":{"line":143,"column":10},"end":{"line":143,"column":67}},"type":"binary-expr","locations":[{"start":{"line":143,"column":10},"end":{"line":143,"column":36}},{"start":{"line":143,"column":40},"end":{"line":143,"column":67}}]}},"s":{"0":4,"1":4,"2":4,"3":4,"4":4,"5":4,"6":0,"7":42,"8":38,"9":38,"10":38,"11":38,"12":38,"13":605,"14":12,"15":12,"16":38,"17":522,"18":4,"19":4,"20":38,"21":950,"22":10,"23":10,"24":38,"25":1,"26":38,"27":0,"28":38,"29":38,"30":14,"31":24,"32":11,"33":13,"34":4,"35":9,"36":9,"37":0,"38":26,"39":1,"40":25,"41":25,"42":13,"43":12,"44":181,"45":8,"46":4,"47":4,"48":0,"49":0,"50":0,"51":4,"52":4},"f":{"0":0,"1":42,"2":38,"3":26},"b":{"0":[12],"1":[4],"2":[10],"3":[1],"4":[0],"5":[14],"6":[11],"7":[24,11,11],"8":[4],"9":[13,4],"10":[9],"11":[1],"12":[13],"13":[8],"14":[181,29],"15":[0,4],"16":[0,4],"17":[0],"18":[0,0]}}
,"/Users/yqgmac/yqg/project/tokenBao/src/optimizations/rules.ts": {"path":"/Users/yqgmac/yqg/project/tokenBao/src/optimizations/rules.ts","statementMap":{"0":{"start":{"line":52,"column":0},"end":{"line":52,"column":16}},"1":{"start":{"line":67,"column":0},"end":{"line":67,"column":16}},"2":{"start":{"line":83,"column":0},"end":{"line":83,"column":16}},"3":{"start":{"line":87,"column":0},"end":{"line":87,"column":16}},"4":{"start":{"line":91,"column":0},"end":{"line":91,"column":16}},"5":{"start":{"line":108,"column":0},"end":{"line":108,"column":16}},"6":{"start":{"line":138,"column":0},"end":{"line":138,"column":16}},"7":{"start":{"line":1,"column":0},"end":{"line":1,"column":54}},"8":{"start":{"line":3,"column":21},"end":{"line":3,"column":33}},"9":{"start":{"line":6,"column":27},"end":{"line":6,"column":30}},"10":{"start":{"line":7,"column":31},"end":{"line":7,"column":33}},"11":{"start":{"line":8,"column":31},"end":{"line":8,"column":36}},"12":{"start":{"line":25,"column":33},"end":{"line":25,"column":42}},"13":{"start":{"line":26,"column":13},"end":{"line":26,"column":14}},"14":{"start":{"line":29,"column":2},"end":{"line":38,"column":3}},"15":{"start":{"line":30,"column":18},"end":{"line":30,"column":77}},"16":{"start":{"line":31,"column":4},"end":{"line":31,"column":49}},"17":{"start":{"line":31,"column":29},"end":{"line":31,"column":47}},"18":{"start":{"line":32,"column":4},"end":{"line":32,"column":26}},"19":{"start":{"line":35,"column":4},"end":{"line":37,"column":5}},"20":{"start":{"line":36,"column":6},"end":{"line":36,"column":38}},"21":{"start":{"line":42,"column":19},"end":{"line":42,"column":45}},"22":{"start":{"line":43,"column":2},"end":{"line":43,"column":54}},"23":{"start":{"line":46,"column":0},"end":{"line":46,"column":18}},"24":{"start":{"line":53,"column":2},"end":{"line":55,"column":3}},"25":{"start":{"line":54,"column":4},"end":{"line":54,"column":23}},"26":{"start":{"line":56,"column":2},"end":{"line":58,"column":3}},"27":{"start":{"line":57,"column":4},"end":{"line":57,"column":50}},"28":{"start":{"line":59,"column":2},"end":{"line":64,"column":3}},"29":{"start":{"line":60,"column":4},"end":{"line":60,"column":24}},"30":{"start":{"line":61,"column":4},"end":{"line":61,"column":16}},"31":{"start":{"line":63,"column":4},"end":{"line":63,"column":23}},"32":{"start":{"line":69,"column":2},"end":{"line":72,"column":3}},"33":{"start":{"line":70,"column":16},"end":{"line":70,"column":45}},"34":{"start":{"line":71,"column":4},"end":{"line":71,"column":34}},"35":{"start":{"line":71,"column":13},"end":{"line":71,"column":34}},"36":{"start":{"line":74,"column":2},"end":{"line":76,"column":3}},"37":{"start":{"line":75,"column":4},"end":{"line":75,"column":49}},"38":{"start":{"line":77,"column":18},"end":{"line":77,"column":43}},"39":{"start":{"line":78,"column":2},"end":{"line":78,"column":33}},"40":{"start":{"line":79,"column":2},"end":{"line":79,"column":18}},"41":{"start":{"line":80,"column":2},"end":{"line":80,"column":17}},"42":{"start":{"line":84,"column":2},"end":{"line":84,"column":76}},"43":{"start":{"line":84,"column":51},"end":{"line":84,"column":74}},"44":{"start":{"line":88,"column":2},"end":{"line":88,"column":23}},"45":{"start":{"line":92,"column":15},"end":{"line":92,"column":28}},"46":{"start":{"line":93,"column":2},"end":{"line":104,"column":3}},"47":{"start":{"line":95,"column":4},"end":{"line":97,"column":5}},"48":{"start":{"line":96,"column":6},"end":{"line":96,"column":44}},"49":{"start":{"line":99,"column":4},"end":{"line":101,"column":5}},"50":{"start":{"line":100,"column":6},"end":{"line":100,"column":33}},"51":{"start":{"line":102,"column":4},"end":{"line":102,"column":33}},"52":{"start":{"line":103,"column":4},"end":{"line":103,"column":20}},"53":{"start":{"line":105,"column":2},"end":{"line":105,"column":14}},"54":{"start":{"line":109,"column":17},"end":{"line":109,"column":33}},"55":{"start":{"line":110,"column":2},"end":{"line":110,"column":30}},"56":{"start":{"line":110,"column":14},"end":{"line":110,"column":30}},"57":{"start":{"line":111,"column":2},"end":{"line":111,"column":16}},"58":{"start":{"line":118,"column":2},"end":{"line":135,"column":3}},"59":{"start":{"line":119,"column":18},"end":{"line":119,"column":42}},"60":{"start":{"line":120,"column":18},"end":{"line":120,"column":28}},"61":{"start":{"line":121,"column":21},"end":{"line":121,"column":22}},"62":{"start":{"line":122,"column":19},"end":{"line":129,"column":6}},"63":{"start":{"line":123,"column":6},"end":{"line":123,"column":19}},"64":{"start":{"line":125,"column":6},"end":{"line":127,"column":7}},"65":{"start":{"line":126,"column":8},"end":{"line":126,"column":37}},"66":{"start":{"line":128,"column":6},"end":{"line":128,"column":25}},"67":{"start":{"line":130,"column":4},"end":{"line":130,"column":18}},"68":{"start":{"line":133,"column":4},"end":{"line":133,"column":73}},"69":{"start":{"line":134,"column":4},"end":{"line":134,"column":49}},"70":{"start":{"line":139,"column":15},"end":{"line":139,"column":22}},"71":{"start":{"line":142,"column":22},"end":{"line":142,"column":88}},"72":{"start":{"line":142,"column":64},"end":{"line":142,"column":87}},"73":{"start":{"line":144,"column":2},"end":{"line":150,"column":3}},"74":{"start":{"line":145,"column":4},"end":{"line":145,"column":32}},"75":{"start":{"line":145,"column":23},"end":{"line":145,"column":32}},"76":{"start":{"line":147,"column":4},"end":{"line":149,"column":5}},"77":{"start":{"line":148,"column":6},"end":{"line":148,"column":72}},"78":{"start":{"line":152,"column":2},"end":{"line":152,"column":16}},"79":{"start":{"line":155,"column":0},"end":{"line":163,"column":2}}},"fnMap":{"0":{"name":"loadFromStorage","decl":{"start":{"line":28,"column":9},"end":{"line":28,"column":24}},"loc":{"start":{"line":28,"column":24},"end":{"line":39,"column":1}}},"1":{"name":"(anonymous_1)","decl":{"start":{"line":31,"column":24},"end":{"line":31,"column":25}},"loc":{"start":{"line":31,"column":29},"end":{"line":31,"column":47}}},"2":{"name":"saveToStorage","decl":{"start":{"line":41,"column":9},"end":{"line":41,"column":22}},"loc":{"start":{"line":41,"column":22},"end":{"line":44,"column":1}}},"3":{"name":"validatePattern","decl":{"start":{"line":52,"column":16},"end":{"line":52,"column":31}},"loc":{"start":{"line":52,"column":47},"end":{"line":65,"column":1}}},"4":{"name":"addRule","decl":{"start":{"line":67,"column":16},"end":{"line":67,"column":23}},"loc":{"start":{"line":67,"column":46},"end":{"line":81,"column":1}}},"5":{"name":"listRules","decl":{"start":{"line":83,"column":16},"end":{"line":83,"column":25}},"loc":{"start":{"line":83,"column":25},"end":{"line":85,"column":1}}},"6":{"name":"(anonymous_6)","decl":{"start":{"line":84,"column":41},"end":{"line":84,"column":42}},"loc":{"start":{"line":84,"column":51},"end":{"line":84,"column":74}}},"7":{"name":"getRule","decl":{"start":{"line":87,"column":16},"end":{"line":87,"column":23}},"loc":{"start":{"line":87,"column":34},"end":{"line":89,"column":1}}},"8":{"name":"updateRule","decl":{"start":{"line":91,"column":16},"end":{"line":91,"column":26}},"loc":{"start":{"line":91,"column":61},"end":{"line":106,"column":1}}},"9":{"name":"deleteRule","decl":{"start":{"line":108,"column":16},"end":{"line":108,"column":26}},"loc":{"start":{"line":108,"column":37},"end":{"line":112,"column":1}}},"10":{"name":"safeRegexReplace","decl":{"start":{"line":117,"column":9},"end":{"line":117,"column":25}},"loc":{"start":{"line":117,"column":76},"end":{"line":136,"column":1}}},"11":{"name":"(anonymous_11)","decl":{"start":{"line":122,"column":39},"end":{"line":122,"column":42}},"loc":{"start":{"line":122,"column":44},"end":{"line":129,"column":5}}},"12":{"name":"applyRules","decl":{"start":{"line":138,"column":16},"end":{"line":138,"column":26}},"loc":{"start":{"line":138,"column":42},"end":{"line":153,"column":1}}},"13":{"name":"(anonymous_13)","decl":{"start":{"line":142,"column":54},"end":{"line":142,"column":55}},"loc":{"start":{"line":142,"column":64},"end":{"line":142,"column":87}}}},"branchMap":{"0":{"loc":{"start":{"line":35,"column":4},"end":{"line":37,"column":5}},"type":"if","locations":[{"start":{"line":35,"column":4},"end":{"line":37,"column":5}}]},"1":{"loc":{"start":{"line":35,"column":8},"end":{"line":35,"column":63}},"type":"binary-expr","locations":[{"start":{"line":35,"column":8},"end":{"line":35,"column":28}},{"start":{"line":35,"column":32},"end":{"line":35,"column":63}}]},"2":{"loc":{"start":{"line":53,"column":2},"end":{"line":55,"column":3}},"type":"if","locations":[{"start":{"line":53,"column":2},"end":{"line":55,"column":3}}]},"3":{"loc":{"start":{"line":53,"column":6},"end":{"line":53,"column":45}},"type":"binary-expr","locations":[{"start":{"line":53,"column":6},"end":{"line":53,"column":14}},{"start":{"line":53,"column":18},"end":{"line":53,"column":45}}]},"4":{"loc":{"start":{"line":56,"column":2},"end":{"line":58,"column":3}},"type":"if","locations":[{"start":{"line":56,"column":2},"end":{"line":58,"column":3}}]},"5":{"loc":{"start":{"line":69,"column":2},"end":{"line":72,"column":3}},"type":"if","locations":[{"start":{"line":69,"column":2},"end":{"line":72,"column":3}}]},"6":{"loc":{"start":{"line":71,"column":4},"end":{"line":71,"column":34}},"type":"if","locations":[{"start":{"line":71,"column":4},"end":{"line":71,"column":34}}]},"7":{"loc":{"start":{"line":74,"column":2},"end":{"line":76,"column":3}},"type":"if","locations":[{"start":{"line":74,"column":2},"end":{"line":76,"column":3}}]},"8":{"loc":{"start":{"line":74,"column":6},"end":{"line":74,"column":83}},"type":"binary-expr","locations":[{"start":{"line":74,"column":6},"end":{"line":74,"column":38}},{"start":{"line":74,"column":42},"end":{"line":74,"column":59}},{"start":{"line":74,"column":63},"end":{"line":74,"column":83}}]},"9":{"loc":{"start":{"line":93,"column":2},"end":{"line":104,"column":3}},"type":"if","locations":[{"start":{"line":93,"column":2},"end":{"line":104,"column":3}}]},"10":{"loc":{"start":{"line":95,"column":4},"end":{"line":97,"column":5}},"type":"if","locations":[{"start":{"line":95,"column":4},"end":{"line":97,"column":5}}]},"11":{"loc":{"start":{"line":95,"column":8},"end":{"line":95,"column":131}},"type":"binary-expr","locations":[{"start":{"line":95,"column":8},"end":{"line":95,"column":38}},{"start":{"line":95,"column":43},"end":{"line":95,"column":79}},{"start":{"line":95,"column":83},"end":{"line":95,"column":103}},{"start":{"line":95,"column":107},"end":{"line":95,"column":130}}]},"12":{"loc":{"start":{"line":99,"column":4},"end":{"line":101,"column":5}},"type":"if","locations":[{"start":{"line":99,"column":4},"end":{"line":101,"column":5}}]},"13":{"loc":{"start":{"line":99,"column":8},"end":{"line":99,"column":108}},"type":"binary-expr","locations":[{"start":{"line":99,"column":8},"end":{"line":99,"column":37}},{"start":{"line":99,"column":41},"end":{"line":99,"column":76}},{"start":{"line":99,"column":80},"end":{"line":99,"column":108}}]},"14":{"loc":{"start":{"line":110,"column":2},"end":{"line":110,"column":30}},"type":"if","locations":[{"start":{"line":110,"column":2},"end":{"line":110,"column":30}}]},"15":{"loc":{"start":{"line":125,"column":6},"end":{"line":127,"column":7}},"type":"if","locations":[{"start":{"line":125,"column":6},"end":{"line":127,"column":7}}]},"16":{"loc":{"start":{"line":125,"column":10},"end":{"line":125,"column":92}},"type":"binary-expr","locations":[{"start":{"line":125,"column":10},"end":{"line":125,"column":45}},{"start":{"line":125,"column":49},"end":{"line":125,"column":92}}]},"17":{"loc":{"start":{"line":145,"column":4},"end":{"line":145,"column":32}},"type":"if","locations":[{"start":{"line":145,"column":4},"end":{"line":145,"column":32}}]},"18":{"loc":{"start":{"line":147,"column":4},"end":{"line":149,"column":5}},"type":"if","locations":[{"start":{"line":147,"column":4},"end":{"line":149,"column":5}}]}},"s":{"0":4,"1":4,"2":4,"3":4,"4":4,"5":4,"6":4,"7":4,"8":4,"9":4,"10":4,"11":4,"12":4,"13":4,"14":4,"15":4,"16":4,"17":0,"18":4,"19":0,"20":0,"21":45,"22":45,"23":4,"24":30,"25":1,"26":29,"27":2,"28":27,"29":27,"30":25,"31":2,"32":26,"33":25,"34":25,"35":2,"36":24,"37":3,"38":21,"39":21,"40":21,"41":21,"42":41,"43":6,"44":3,"45":7,"46":7,"47":6,"48":2,"49":4,"50":1,"51":3,"52":3,"53":4,"54":22,"55":22,"56":21,"57":22,"58":10,"59":10,"60":10,"61":10,"62":10,"63":10,"64":10,"65":0,"66":10,"67":10,"68":0,"69":0,"70":20,"71":20,"72":4,"73":20,"74":12,"75":1,"76":11,"77":10,"78":20,"79":4},"f":{"0":4,"1":0,"2":45,"3":30,"4":26,"5":41,"6":6,"7":3,"8":7,"9":22,"10":10,"11":10,"12":20,"13":4},"b":{"0":[0],"1":[0,0],"2":[1],"3":[30,29],"4":[2],"5":[25],"6":[2],"7":[3],"8":[24,23,22],"9":[6],"10":[2],"11":[6,3,3,2],"12":[1],"13":[4,2,2],"14":[21],"15":[0],"16":[10,10],"17":[1],"18":[10]}}
,"/Users/yqgmac/yqg/project/tokenBao/src/proxy/pricing.ts": {"path":"/Users/yqgmac/yqg/project/tokenBao/src/proxy/pricing.ts","statementMap":{"0":{"start":{"line":76,"column":0},"end":{"line":76,"column":16}},"1":{"start":{"line":88,"column":0},"end":{"line":88,"column":16}},"2":{"start":{"line":10,"column":13},"end":{"line":37,"column":2}},"3":{"start":{"line":43,"column":46},"end":{"line":71,"column":2}},"4":{"start":{"line":74,"column":24},"end":{"line":74,"column":86}},"5":{"start":{"line":74,"column":66},"end":{"line":74,"column":85}},"6":{"start":{"line":77,"column":2},"end":{"line":77,"column":31}},"7":{"start":{"line":77,"column":14},"end":{"line":77,"column":31}},"8":{"start":{"line":78,"column":16},"end":{"line":78,"column":35}},"9":{"start":{"line":79,"column":2},"end":{"line":79,"column":56}},"10":{"start":{"line":79,"column":28},"end":{"line":79,"column":56}},"11":{"start":{"line":80,"column":2},"end":{"line":80,"column":41}},"12":{"start":{"line":80,"column":28},"end":{"line":80,"column":41}},"13":{"start":{"line":82,"column":2},"end":{"line":84,"column":3}},"14":{"start":{"line":83,"column":4},"end":{"line":83,"column":42}},"15":{"start":{"line":83,"column":31},"end":{"line":83,"column":42}},"16":{"start":{"line":85,"column":2},"end":{"line":85,"column":15}},"17":{"start":{"line":90,"column":20},"end":{"line":90,"column":78}},"18":{"start":{"line":91,"column":21},"end":{"line":91,"column":82}},"19":{"start":{"line":92,"column":21},"end":{"line":92,"column":46}},"20":{"start":{"line":93,"column":18},"end":{"line":93,"column":78}},"21":{"start":{"line":94,"column":2},"end":{"line":94,"column":83}}},"fnMap":{"0":{"name":"(anonymous_0)","decl":{"start":{"line":74,"column":56},"end":{"line":74,"column":57}},"loc":{"start":{"line":74,"column":66},"end":{"line":74,"column":85}}},"1":{"name":"normalizeModelName","decl":{"start":{"line":76,"column":16},"end":{"line":76,"column":34}},"loc":{"start":{"line":76,"column":48},"end":{"line":86,"column":1}}},"2":{"name":"calculateCost","decl":{"start":{"line":88,"column":16},"end":{"line":88,"column":29}},"loc":{"start":{"line":88,"column":86},"end":{"line":95,"column":1}}}},"branchMap":{"0":{"loc":{"start":{"line":77,"column":2},"end":{"line":77,"column":31}},"type":"if","locations":[{"start":{"line":77,"column":2},"end":{"line":77,"column":31}}]},"1":{"loc":{"start":{"line":79,"column":2},"end":{"line":79,"column":56}},"type":"if","locations":[{"start":{"line":79,"column":2},"end":{"line":79,"column":56}}]},"2":{"loc":{"start":{"line":80,"column":2},"end":{"line":80,"column":41}},"type":"if","locations":[{"start":{"line":80,"column":2},"end":{"line":80,"column":41}}]},"3":{"loc":{"start":{"line":83,"column":4},"end":{"line":83,"column":42}},"type":"if","locations":[{"start":{"line":83,"column":4},"end":{"line":83,"column":42}}]},"4":{"loc":{"start":{"line":90,"column":20},"end":{"line":90,"column":78}},"type":"cond-expr","locations":[{"start":{"line":90,"column":63},"end":{"line":90,"column":74}},{"start":{"line":90,"column":77},"end":{"line":90,"column":78}}]},"5":{"loc":{"start":{"line":90,"column":20},"end":{"line":90,"column":60}},"type":"binary-expr","locations":[{"start":{"line":90,"column":20},"end":{"line":90,"column":41}},{"start":{"line":90,"column":45},"end":{"line":90,"column":60}}]},"6":{"loc":{"start":{"line":91,"column":21},"end":{"line":91,"column":82}},"type":"cond-expr","locations":[{"start":{"line":91,"column":66},"end":{"line":91,"column":78}},{"start":{"line":91,"column":81},"end":{"line":91,"column":82}}]},"7":{"loc":{"start":{"line":91,"column":21},"end":{"line":91,"column":63}},"type":"binary-expr","locations":[{"start":{"line":91,"column":21},"end":{"line":91,"column":43}},{"start":{"line":91,"column":47},"end":{"line":91,"column":63}}]},"8":{"loc":{"start":{"line":93,"column":18},"end":{"line":93,"column":78}},"type":"binary-expr","locations":[{"start":{"line":93,"column":18},"end":{"line":93,"column":43}},{"start":{"line":93,"column":47},"end":{"line":93,"column":78}}]}},"s":{"0":7,"1":7,"2":7,"3":7,"4":7,"5":567,"6":66,"7":1,"8":65,"9":65,"10":26,"11":39,"12":32,"13":7,"14":167,"15":1,"16":6,"17":23,"18":23,"19":23,"20":23,"21":23},"f":{"0":567,"1":66,"2":23},"b":{"0":[1],"1":[26],"2":[32],"3":[1],"4":[14,9],"5":[23,21],"6":[14,9],"7":[23,21],"8":[23,4]}}
,"/Users/yqgmac/yqg/project/tokenBao/src/proxy/requestTracker.ts": {"path":"/Users/yqgmac/yqg/project/tokenBao/src/proxy/requestTracker.ts","statementMap":{"0":{"start":{"line":29,"column":54},"end":{"line":29,"column":63}},"1":{"start":{"line":30,"column":54},"end":{"line":30,"column":63}},"2":{"start":{"line":31,"column":20},"end":{"line":31,"column":21}},"3":{"start":{"line":32,"column":25},"end":{"line":32,"column":28}},"4":{"start":{"line":33,"column":27},"end":{"line":33,"column":29}},"5":{"start":{"line":34,"column":28},"end":{"line":34,"column":34}},"6":{"start":{"line":35,"column":25},"end":{"line":35,"column":31}},"7":{"start":{"line":38,"column":58},"end":{"line":38,"column":62}},"8":{"start":{"line":41,"column":2},"end":{"line":41,"column":27}},"9":{"start":{"line":41,"column":20},"end":{"line":41,"column":27}},"10":{"start":{"line":42,"column":2},"end":{"line":53,"column":26}},"11":{"start":{"line":43,"column":4},"end":{"line":43,"column":23}},"12":{"start":{"line":45,"column":4},"end":{"line":52,"column":5}},"13":{"start":{"line":46,"column":22},"end":{"line":47,"column":74}},"14":{"start":{"line":47,"column":24},"end":{"line":47,"column":73}},"15":{"start":{"line":48,"column":26},"end":{"line":48,"column":69}},"16":{"start":{"line":49,"column":6},"end":{"line":51,"column":7}},"17":{"start":{"line":49,"column":19},"end":{"line":49,"column":20}},"18":{"start":{"line":50,"column":8},"end":{"line":50,"column":48}},"19":{"start":{"line":55,"column":2},"end":{"line":57,"column":3}},"20":{"start":{"line":56,"column":4},"end":{"line":56,"column":25}},"21":{"start":{"line":61,"column":2},"end":{"line":64,"column":3}},"22":{"start":{"line":62,"column":4},"end":{"line":62,"column":32}},"23":{"start":{"line":63,"column":4},"end":{"line":63,"column":24}},"24":{"start":{"line":68,"column":0},"end":{"line":68,"column":19}},"25":{"start":{"line":76,"column":2},"end":{"line":76,"column":60}},"26":{"start":{"line":76,"column":48},"end":{"line":76,"column":60}},"27":{"start":{"line":78,"column":2},"end":{"line":78,"column":37}},"28":{"start":{"line":78,"column":25},"end":{"line":78,"column":37}},"29":{"start":{"line":79,"column":2},"end":{"line":79,"column":15}},"30":{"start":{"line":86,"column":24},"end":{"line":86,"column":29}},"31":{"start":{"line":89,"column":16},"end":{"line":89,"column":82}},"32":{"start":{"line":90,"column":17},"end":{"line":90,"column":55}},"33":{"start":{"line":91,"column":2},"end":{"line":91,"column":24}},"34":{"start":{"line":96,"column":15},"end":{"line":98,"column":70}},"35":{"start":{"line":99,"column":2},"end":{"line":99,"column":23}},"36":{"start":{"line":111,"column":20},"end":{"line":111,"column":39}},"37":{"start":{"line":113,"column":36},"end":{"line":125,"column":4}},"38":{"start":{"line":127,"column":2},"end":{"line":127,"column":43}},"39":{"start":{"line":128,"column":2},"end":{"line":128,"column":18}},"40":{"start":{"line":132,"column":2},"end":{"line":132,"column":40}},"41":{"start":{"line":136,"column":19},"end":{"line":136,"column":49}},"42":{"start":{"line":137,"column":2},"end":{"line":139,"column":3}},"43":{"start":{"line":138,"column":4},"end":{"line":138,"column":29}},"44":{"start":{"line":143,"column":19},"end":{"line":143,"column":49}},"45":{"start":{"line":144,"column":2},"end":{"line":148,"column":3}},"46":{"start":{"line":145,"column":4},"end":{"line":145,"column":26}},"47":{"start":{"line":146,"column":4},"end":{"line":146,"column":33}},"48":{"start":{"line":147,"column":4},"end":{"line":147,"column":31}},"49":{"start":{"line":149,"column":2},"end":{"line":149,"column":11}},"50":{"start":{"line":153,"column":19},"end":{"line":153,"column":49}},"51":{"start":{"line":154,"column":2},"end":{"line":154,"column":30}},"52":{"start":{"line":154,"column":17},"end":{"line":154,"column":30}},"53":{"start":{"line":155,"column":2},"end":{"line":155,"column":43}},"54":{"start":{"line":159,"column":19},"end":{"line":159,"column":49}},"55":{"start":{"line":160,"column":2},"end":{"line":170,"column":3}},"56":{"start":{"line":161,"column":4},"end":{"line":161,"column":34}},"57":{"start":{"line":162,"column":4},"end":{"line":162,"column":54}},"58":{"start":{"line":163,"column":4},"end":{"line":163,"column":36}},"59":{"start":{"line":164,"column":4},"end":{"line":164,"column":45}},"60":{"start":{"line":165,"column":4},"end":{"line":165,"column":38}},"61":{"start":{"line":167,"column":4},"end":{"line":169,"column":5}},"62":{"start":{"line":168,"column":6},"end":{"line":168,"column":25}},"63":{"start":{"line":174,"column":19},"end":{"line":174,"column":49}},"64":{"start":{"line":175,"column":2},"end":{"line":192,"column":3}},"65":{"start":{"line":176,"column":4},"end":{"line":176,"column":31}},"66":{"start":{"line":177,"column":34},"end":{"line":189,"column":6}},"67":{"start":{"line":190,"column":4},"end":{"line":190,"column":45}},"68":{"start":{"line":191,"column":4},"end":{"line":191,"column":38}},"69":{"start":{"line":196,"column":2},"end":{"line":196,"column":42}},"70":{"start":{"line":207,"column":24},"end":{"l
[...]
},"36":{"start":{"line":53,"column":10},"end":{"line":53,"column":52}},"37":{"start":{"line":57,"column":6},"end":{"line":61,"column":7}},"38":{"start":{"line":58,"column":8},"end":{"line":58,"column":55}},"39":{"start":{"line":62,"column":6},"end":{"line":62,"column":18}},"40":{"start":{"line":67,"column":4},"end":{"line":67,"column":52}},"41":{"start":{"line":68,"column":4},"end":{"line":86,"column":5}},"42":{"start":{"line":69,"column":6},"end":{"line":83,"column":7}},"43":{"start":{"line":70,"column":30},"end":{"line":70,"column":66}},"44":{"start":{"line":71,"column":25},"end":{"line":71,"column":55}},"45":{"start":{"line":73,"column":8},"end":{"line":78,"column":9}},"46":{"start":{"line":74,"column":10},"end":{"line":77,"column":11}},"47":{"start":{"line":75,"column":12},"end":{"line":75,"column":55}},"48":{"start":{"line":76,"column":12},"end":{"line":76,"column":54}},"49":{"start":{"line":80,"column":8},"end":{"line":80,"column":59}},"50":{"start":{"line":81,"column":8},"end":{"line":81,"column":44}},"51":{"start":{"line":82,"column":8},"end":{"line":82,"column":24}},"52":{"start":{"line":85,"column":6},"end":{"line":85,"column":56}},"53":{"start":{"line":89,"column":2},"end":{"line":89,"column":44}},"54":{"start":{"line":93,"column":19},"end":{"line":93,"column":40}},"55":{"start":{"line":94,"column":2},"end":{"line":102,"column":3}},"56":{"start":{"line":95,"column":20},"end":{"line":95,"column":49}},"57":{"start":{"line":97,"column":20},"end":{"line":97,"column":37}},"58":{"start":{"line":98,"column":4},"end":{"line":98,"column":48}},"59":{"start":{"line":99,"column":4},"end":{"line":99,"column":37}},"60":{"start":{"line":101,"column":4},"end":{"line":101,"column":45}},"61":{"start":{"line":109,"column":19},"end":{"line":109,"column":40}},"62":{"start":{"line":110,"column":2},"end":{"line":124,"column":3}},"63":{"start":{"line":111,"column":20},"end":{"line":111,"column":49}},"64":{"start":{"line":112,"column":20},"end":{"line":112,"column":37}},"65":{"start":{"line":113,"column":4},"end":{"line":113,"column":52}},"66":{"start":{"line":115,"column":15},"end":{"line":115,"column":44}},"67":{"start":{"line":116,"column":4},"end":{"line":120,"column":5}},"68":{"start":{"line":117,"column":6},"end":{"line":117,"column":27}},"69":{"start":{"line":119,"column":6},"end":{"line":119,"column":27}},"70":{"start":{"line":121,"column":4},"end":{"line":121,"column":41}},"71":{"start":{"line":123,"column":4},"end":{"line":123,"column":47}},"72":{"start":{"line":128,"column":19},"end":{"line":128,"column":40}},"73":{"start":{"line":129,"column":2},"end":{"line":144,"column":3}},"74":{"start":{"line":130,"column":18},"end":{"line":130,"column":23}},"75":{"start":{"line":131,"column":4},"end":{"line":134,"column":5}},"76":{"start":{"line":132,"column":6},"end":{"line":132,"column":30}},"77":{"start":{"line":133,"column":6},"end":{"line":133,"column":21}},"78":{"start":{"line":136,"column":23},"end":{"line":136,"column":40}},"79":{"start":{"line":137,"column":4},"end":{"line":140,"column":5}},"80":{"start":{"line":138,"column":6},"end":{"line":138,"column":32}},"81":{"start":{"line":139,"column":6},"end":{"line":139,"column":21}},"82":{"start":{"line":141,"column":4},"end":{"line":141,"column":19}},"83":{"start":{"line":143,"column":4},"end":{"line":143,"column":45}},"84":{"start":{"line":145,"column":2},"end":{"line":145,"column":15}},"85":{"start":{"line":149,"column":18},"end":{"line":149,"column":30}},"86":{"start":{"line":150,"column":2},"end":{"line":155,"column":3}},"87":{"start":{"line":151,"column":4},"end":{"line":151,"column":68}},"88":{"start":{"line":151,"column":47},"end":{"line":151,"column":66}},"89":{"start":{"line":153,"column":4},"end":{"line":153,"column":34}},"90":{"start":{"line":154,"column":4},"end":{"line":154,"column":14}}},"fnMap":{"0":{"name":"getDataDir","decl":{"start":{"line":14,"column":9},"end":{"line":14,"column":19}},"loc":{"start":{"line":14,"column":19},"end":{"line":36,"column":1}}},"1":{"name":"getFilePath","decl":{"start":{"line":38,"column":9},"end":{"line":38,"column":20}},"loc":{"start":{"line":38,"column":37},"end":{"line":40,"column":1}}},"2":{"name":"loadJson","decl":{"start":{"line":42,"column":16},"end":{"line":42,"column":24}},"loc":{"start":{"line":42,"column":61},"end":{"line":90,"column":1}}},"3":{"name":"saveJson","decl":{"start":{"line":92,"column":16},"end":{"line":92,"column":24}},"loc":{"start":{"line":92,"column":53},"end":{"line":103,"column":1}}},"4":{"name":"saveJsonAsync","decl":{"start":{"line":108,"column":22},"end":{"line":108,"column":35}},"loc":{"start":{"line":108,"column":64},"end":{"line":125,"column":1}}},"5":{"name":"deleteJson","decl":{"start":{"line":127,"column":16},"end":{"line":127,"column":26}},"loc":{"start":{"line":127,"column":43},"end":{"line":146,"column":1}}},"6":{"name":"listJsonFiles","decl":{"start":{"line":148,"column":16},"end":{"line":148,"column":29}},"loc":{"start":{"line":148,"column":29},"end":{"line":156,"column":1}}},"7":{"name":"(anonymous_16)","decl":{"start":{"line":151,"column":42},"end":{"line":151,"column":43}},"loc":{"start":{"line":151,"column":47},"end":{"line":151,"column":66}}}},"branchMap":{"0":{"loc":{"start":{"line":15,"column":2},"end":{"line":34,"column":3}},"type":"if","locations":[{"start":{"line":15,"column":2},"end":{"line":34,"column":3}}]},"1":{"loc":{"start":{"line":18,"column":4},"end":{"line":29,"column":5}},"type":"if","locations":[{"start":{"line":18,"column":4},"end":{"line":29,"column":5}},{"start":{"line":27,"column":11},"end":{"line":29,"column":5}}]},"2":{"loc":{"start":{"line":31,"column":4},"end":{"line":33,"column":5}},"type":"if","locations":[{"start":{"line":31,"column":4},"end":{"line":33,"column":5}}]},"3":{"loc":{"start":{"line":46,"column":4},"end":{"line":63,"column":5}},"type":"if","locations":[{"start":{"line":46,"column":4},"end":{"line":63,"column":5}}]},"4":{"loc":{"start":{"line":50,"column":6},"end":{"line":55,"column":7}},"type":"if","locations":[{"start":{"line":50,"column":6},"end":{"line":55,"column":7}}]},"5":{"loc":{"start":{"line":50,"column":10},"end":{"line":50,"column":99}},"type":"binary-expr","locations":[{"start":{"line":50,"column":10},"end":{"line":50,"column":42}},{"start":{"line":50,"column":46},"end":{"line":50,"column":67}},{"start":{"line":50,"column":71},"end":{"line":50,"column":99}}]},"6":{"loc":{"start":{"line":51,"column":8},"end":{"line":54,"column":9}},"type":"if","locations":[{"start":{"line":51,"column":8},"end":{"line":54,"column":9}}]},"7":{"loc":{"start":{"line":51,"column":12},"end":{"line":51,"column":76}},"type":"binary-expr","locations":[{"start":{"line":51,"column":12},"end":{"line":51,"column":36}},{"start":{"line":51,"column":40},"end":{"line":51,"column":53}},{"start":{"line":51,"column":57},"end":{"line":51,"column":76}}]},"8":{"loc":{"start":{"line":52,"column":55},"end":{"line":52,"column":95}},"type":"cond-expr","locations":[{"start":{"line":52,"column":77},"end":{"line":52,"column":81}},{"start":{"line":52,"column":84},"end":{"line":52,"column":95}}]},"9":{"loc":{"start":{"line":69,"column":6},"end":{"line":83,"column":7}},"type":"if","locations":[{"start":{"line":69,"column":6},"end":{"line":83,"column":7}}]},"10":{"loc":{"start":{"line":73,"column":8},"end":{"line":78,"column":9}},"type":"if","locations":[{"start":{"line":73,"column":8},"end":{"line":78,"column":9}}]},"11":{"loc":{"start":{"line":73,"column":12},"end":{"line":73,"column":101}},"type":"binary-expr","locations":[{"start":{"line":73,"column":12},"end":{"line":73,"column":44}},{"start":{"line":73,"column":48},"end":{"line":73,"column":69}},{"start":{"line":73,"column":73},"end":{"line":73,"column":101}}]},"12":{"loc":{"start":{"line":74,"column":10},"end":{"line":77,"column":11}},"type":"if","locations":[{"start":{"line":74,"column":10},"end":{"line":77,"column":11}}]},"13":{"loc":{"start":{"line":74,"column":14},"end":{"line":74,"column":90}},"type":"binary-expr","locations":[{"start":{"line":74,"column":14},"end":{"line":74,"column":42}},{"start":{"line":74,"column":46},"end":{"line":74,"column":63}},{"start":{"line":74,"column":67},"end":{"line":74,"column":90}}]},"14":{"loc":{"start":{"line":131,"column":4},"end":{"line":134,"column":5}},"type":"if","locations":[{"start":{"line":131,"column":4},"end":{"line":134,"column":5}}]},"15":{"loc":{"start":{"line":137,"column":4},"end":{"line":140,"column":5}},"type":"if","locations":[{"start":{"line":137,"column":4},"end":{"line":140,"column":5}}]}},"s":{"0":9,"1":9,"2":9,"3":9,"4":9,"5":9,"6":9,"7":9,"8":9,"9":9,"10":9,"11":9,"12":9,"13":9,"14":348,"15":9,"16":9,"17":0,"18":0,"19":0,"20":0,"21":0,"22":9,"23":9,"24":0,"25":348,"26":347,"27":180,"28":180,"29":180,"30":180,"31":159,"32":159,"33":157,"34":157,"35":0,"36":0,"37":157,"38":157,"39":157,"40":2,"41":2,"42":2,"43":2,"44":2,"45":1,"46":1,"47":0,"48":0,"49":1,"50":1,"51":1,"52":1,"53":22,"54":50,"55":50,"56":50,"57":50,"58":50,"59":50,"60":0,"61":91,"62":91,"63":91,"64":91,"65":91,"66":91,"67":91,"68":91,"69":91,"70":91,"71":0,"72":26,"73":26,"74":26,"75":26,"76":13,"77":13,"78":26,"79":26,"80":10,"81":10,"82":26,"83":0,"84":0,"85":1,"86":1,"87":1,"88":15,"89":0,"90":0},"f":{"0":348,"1":347,"2":180,"3":50,"4":91,"5":26,"6":1,"7":15},"b":{"0":[9],"1":[0,9],"2":[0],"3":[159],"4":[157],"5":[157,157,157],"6":[0],"7":[157,157,157],"8":[0,0],"9":[2],"10":[1],"11":[1,1,1],"12":[0],"13":[1,1,1],"14":[13],"15":[10]}}
,"/Users/yqgmac/yqg/project/tokenBao/src/utils/tokenCounter.ts": {"path":"/Users/yqgmac/yqg/project/tokenBao/src/utils/tokenCounter.ts","statementMap":{"0":{"start":{"line":1,"column":0},"end":{"line":1,"column":52}},"1":{"start":{"line":2,"column":0},"end":{"line":2,"column":69}},"2":{"start":{"line":13,"column":31},"end":{"line":13,"column":35}},"3":{"start":{"line":16,"column":2},"end":{"line":18,"column":3}},"4":{"start":{"line":17,"column":4},"end":{"line":17,"column":41}},"5":{"start":{"line":19,"column":2},"end":{"line":19,"column":17}},"6":{"start":{"line":22,"column":2},"end":{"line":22,"column":22}},"7":{"start":{"line":22,"column":13},"end":{"line":22,"column":22}},"8":{"start":{"line":23,"column":2},"end":{"line":32,"column":3}},"9":{"start":{"line":24,"column":16},"end":{"line":24,"column":28}},"10":{"start":{"line":25,"column":19},"end":{"line":25,"column":35}},"11":{"start":{"line":26,"column":4},"end":{"line":26,"column":25}},"12":{"start":{"line":28,"column":4},"end":{"line":28,"column":73}},"13":{"start":{"line":30,"column":4},"end":{"line":30,"column":19}},"14":{"start":{"line":31,"column":4},"end":{"line":31,"column":40}},"15":{"start":{"line":39,"column":2},"end":{"line":39,"column":22}},"16":{"start":{"line":39,"column":13},"end":{"line":39,"column":22}},"17":{"start":{"line":41,"column":19},"end":{"line":41,"column":103}},"18":{"start":{"line":43,"column":21},"end":{"line":43,"column":81}},"19":{"start":{"line":44,"column":25},"end":{"line":44,"column":83}},"20":{"start":{"line":45,"column":21},"end":{"line":45,"column":53}},"21":{"start":{"line":46,"column":21},"end":{"line":46,"column":90}},"22":{"start":{"line":48,"column":2},"end":{"line":48,"column":170}},"23":{"start":{"line":55,"column":2},"end":{"line":55,"column":36}},"24":{"start":{"line":59,"column":2},"end":{"line":59,"column":22}},"25":{"start":{"line":59,"column":13},"end":{"line":59,"column":22}},"26":{"start":{"line":61,"column":2},"end":{"line":74,"column":3}},"27":{"start":{"line":62,"column":4},"end":{"line":64,"column":5}},"28":{"start":{"line":63,"column":6},"end":{"line":63,"column":37}},"29":{"start":{"line":66,"column":4},"end":{"line":68,"column":5}},"30":{"start":{"line":67,"column":6},"end":{"line":67,"column":40}},"31":{"start":{"line":70,"column":4},"end":{"line":70,"column":35}},"32":{"start":{"line":72,"column":4},"end":{"line":72,"column":49}},"33":{"start":{"line":73,"column":4},"end":{"line":73,"column":40}},"34":{"start":{"line":77,"column":2},"end":{"line":77,"column":54}},"35":{"start":{"line":77,"column":45},"end":{"line":77,"column":54}},"36":{"start":{"line":79,"column":25},"end":{"line":79,"column":26}},"37":{"start":{"line":80,"column":23},"end":{"line":80,"column":24}},"38":{"start":{"line":82,"column":2},"end":{"line":100,"column":8}},"39":{"start":{"line":83,"column":24},"end":{"line":83,"column":25}},"40":{"start":{"line":85,"column":4},"end":{"line":97,"column":5}},"41":{"start":{"line":86,"column":6},"end":{"line":86,"column":56}},"42":{"start":{"line":87,"column":11},"end":{"line":97,"column":5}},"43":{"start":{"line":88,"column":6},"end":{"line":96,"column":12}},"44":{"start":{"line":89,"column":8},"end":{"line":91,"column":9}},"45":{"start":{"line":90,"column":10},"end":{"line":90,"column":61}},"46":{"start":{"line":92,"column":8},"end":{"line":94,"column":9}},"47":{"start":{"line":93,"column":10},"end":{"line":93,"column":31}},"48":{"start":{"line":95,"column":8},"end":{"line":95,"column":24}},"49":{"start":{"line":99,"column":4},"end":{"line":99,"column":65}},"50":{"start":{"line":108,"column":21},"end":{"line":108,"column":46}},"51":{"start":{"line":109,"column":17},"end":{"line":109,"column":42}},"52":{"start":{"line":110,"column":2},"end":{"line":110,"column":66}},"53":{"start":{"line":110,"column":15},"end":{"line":110,"column":66}},"54":{"start":{"line":112,"column":2},"end":{"line":112,"column":85}},"55":{"start":{"line":120,"column":19},"end":{"line":120,"column":54}},"56":{"start":{"line":121,"column":21},"end":{"line":121,"column":57}},"57":{"start":{"line":122,"column":2},"end":{"line":122,"column":31}},"58":{"start":{"line":126,"column":2},"end":{"line":126,"column":17}},"59":{"start":{"line":129,"column":0},"end":{"line":137,"column":2}}},"fnMap":{"0":{"name":"getEncoder","decl":{"start":{"line":15,"column":9},"end":{"line":15,"column":19}},"loc":{"start":{"line":15,"column":19},"end":{"line":20,"column":1}}},"1":{"name":"countTokensOpenAI","decl":{"start":{"line":21,"column":9},"end":{"line":21,"column":26}},"loc":{"start":{"line":21,"column":39},"end":{"line":33,"column":1}}},"2":{"name":"countTokensAnthropic","decl":{"start":{"line":38,"column":9},"end":{"line":38,"column":29}},"loc":{"start":{"line":38,"column":42},"end":{"line":49,"column":1}}},"3":{"name":"estimateTokensFallback","decl":{"start":{"line":54,"column":9},"end":{"line":54,"column":31}},"loc":{"start":{"line":54,"column":44},"end":{"line":56,"column":1}}},"4":{"name":"countTokens","decl":{"start":{"line":58,"column":9},"end":{"line":58,"column":20}},"loc":{"start":{"line":58,"column":51},"end":{"line":75,"column":1}}},"5":{"name":"countMessages","decl":{"start":{"line":76,"column":9},"end":{"line":76,"column":22}},"loc":{"start":{"line":76,"column":60},"end":{"line":101,"column":1}}},"6":{"name":"(anonymous_6)","decl":{"start":{"line":82,"column":25},"end":{"line":82,"column":26}},"loc":{"start":{"line":82,"column":57},"end":{"line":100,"column":3}}},"7":{"name":"(anonymous_7)","decl":{"start":{"line":88,"column":41},"end":{"line":88,"column":42}},"loc":{"start":{"line":88,"column":83},"end":{"line":96,"column":7}}},"8":{"name":"estimateCost","decl":{"start":{"line":103,"column":9},"end":{"line":103,"column":21}},"loc":{"start":{"line":106,"column":15},"end":{"line":113,"column":1}}},"9":{"name":"calculateSavings","decl":{"start":{"line":115,"column":9},"end":{"line":115,"column":25}},"loc":{"start":{"line":118,"column":15},"end":{"line":123,"column":1}}},"10":{"name":"cleanup","decl":{"start":{"line":125,"column":9},"end":{"line":125,"column":16}},"loc":{"start":{"line":125,"column":16},"end":{"line":127,"column":1}}}},"branchMap":{"0":{"loc":{"start":{"line":16,"column":2},"end":{"line":18,"column":3}},"type":"if","locations":[{"start":{"line":16,"column":2},"end":{"line":18,"column":3}}]},"1":{"loc":{"start":{"line":22,"column":2},"end":{"line":22,"column":22}},"type":"if","locations":[{"start":{"line":22,"column":2},"end":{"line":22,"column":22}}]},"2":{"loc":{"start":{"line":39,"column":2},"end":{"line":39,"column":22}},"type":"if","locations":[{"start":{"line":39,"column":2},"end":{"line":39,"column":22}}]},"3":{"loc":{"start":{"line":41,"column":20},"end":{"line":41,"column":95}},"type":"binary-expr","locations":[{"start":{"line":41,"column":20},"end":{"line":41,"column":89}},{"start":{"line":41,"column":93},"end":{"line":41,"column":95}}]},"4":{"loc":{"start":{"line":43,"column":22},"end":{"line":43,"column":73}},"type":"binary-expr","locations":[{"start":{"line":43,"column":22},"end":{"line":43,"column":67}},{"start":{"line":43,"column":71},"end":{"line":43,"column":73}}]},"5":{"loc":{"start":{"line":44,"column":26},"end":{"line":44,"column":75}},"type":"binary-expr","locations":[{"start":{"line":44,"column":26},"end":{"line":44,"column":69}},{"start":{"line":44,"column":73},"end":{"line":44,"column":75}}]},"6":{"loc":{"start":{"line":45,"column":22},"end":{"line":45,"column":45}},"type":"binary-expr","locations":[{"start":{"line":45,"column":22},"end":{"line":45,"column":39}},{"start":{"line":45,"column":43},"end":{"line":45,"column":45}}]},"7":{"loc":{"start":{"line":59,"column":2},"end":{"line":59,"column":22}},"type":"if","locations":[{"start":{"line":59,"column":2},"end":{"line":59,"column":22}}]},"8":{"loc":{"start":{"line":62,"column":4},"end":{"line":64,"column":5}},"type":"if","locations":[{"start":{"line":62,"column":4},"end":{"line":64,"column":5}}]},"9":{"loc":{"start":{"line":66,"column":4},"end":{"line":68,"column":5}},"type":"if","locations":[{"start":{"line":66,"column":4},"end":{"line":68,"column":5}}]},"10":{"loc":{"start":{"line":66,"column":8},"end":{"line":66,"column":55}},"type":"binary-expr","locations":[{"start":{"line":66,"column":8},"end":{"line":66,"column":31}},{"start":{"line":66,"column":35},"end":{"line":66,"column":55}}]},"11":{"loc":{"start":{"line":77,"column":2},"end":{"line":77,"column":54}},"type":"if","locations":[{"start":{"line":77,"column":2},"end":{"line":77,"column":54}}]},"12":{"loc":{"start":{"line":77,"column":6},"end":{"line":77,"column":43}},"type":"binary-expr","locations":[{"start":{"line":77,"column":6},"end":{"line":77,"column":15}},{"start":{"line":77,"column":19},"end":{"line":77,"column":43}}]},"13":{"loc":{"start":{"line":85,"column":4},"end":{"line":97,"column":5}},"type":"if","locations":[{"start":{"line":85,"column":4},"end":{"line":97,"column":5}},{"start":{"line":87,"column":11},"end":{"line":97,"column":5}}]},"14":{"loc":{"start":{"line":87,"column":11},"end":{"line":97,"column":5}},"type":"if","locations":[{"start":{"line":87,"column":11},"end":{"line":97,"column":5}}]},"15":{"loc":{"start":{"line":89,"column":8},"end":{"line":91,"column":9}},"type":"if","locations":[{"start":{"line":89,"column":8},"end":{"line":91,"column":9}}]},"16":{"loc":{"start":{"line":89,"column":12},"end":{"line":89,"column":47}},"type":"binary-expr","locations":[{"start":{"line":89,"column":12},"end":{"line":89,"column":33}},{"start":{"line":89,"column":37},"end":{"line":89,"column":47}}]},"17":{"loc":{"start":{"line":92,"column":8},"end":{"line":94,"column":9}},"type":"if","locations":[{"start":{"line":92,"column":8},"end":{"line":94,"column":9}}]},"18":{"loc":{"start":{"line":110,"column":2},"end":{"line":110,"column":66}},"type":"if","locations":[{"start":{"line":110,"column":2},"end":{"line":110,"column":66}}]}},"s":{"0":4,"1":4,"2":4,"3":42,"4":3,"5":42,"6":43,"7":1,"8":42,"9":42,"10":42,"11":42,"12":0,"13":0,"14":0,"15":7,"16":1,"17":6,"18":6,"19":6,"20":6,"21":6,"22":6,"23":0,"24":45,"25":1,"26":44,"27":44,"28":29,"29":15,"30":3,"31":12,"32":0,"33":0,"34":39,"35":2,"36":37,"37":37,"38":37,"39":38,"40":38,"41":31,"42":7,"43":7,"44":12,"45":7,"46":5,"47":5,"48":0,"49":38,"50":7,"51":7,"52":7,"53":1,"54":6,"55":2,"56":2,"57":2,"58":0,"59":4},"f":{"0":42,"1":43,"2":7,"3":0,"4":45,"5":39,"6":38,"7":12,"8":7,"9":2,"10":0},"b":{"0":[3],"1":[1],"2":[1],"3":[6,5],"4":[6,6],"5":[6,6],"6":[6,4],"7":[1],"8":[29],"9":[3],"10":[15,12],"11":[2],"12":[39,37],"13":[31,7],"14":[7],"15":[7],"16":[12,7],"17":[5],"18":[1]}}
}
