TN:
SF:src/optimizations/batch.ts
FN:36,getOptions
FN:40,setOptions
FN:47,addToBatch
FN:57,(anonymous_3)
FN:66,getBatch
FN:73,clearBatch
FN:84,shouldBatch
FN:91,flushBatch
FN:96,(anonymous_8)
FN:128,getBatchHistory
FN:135,getBatchSummary
FN:141,(anonymous_11)
FNF:12
FNH:9
FNDA:0,getOptions
FNDA:25,setOptions
FNDA:7,addToBatch
FNDA:0,(anonymous_3)
FNDA:5,getBatch
FNDA:9,clearBatch
FNDA:1,shouldBatch
FNDA:2,flushBatch
FNDA:3,(anonymous_8)
FNDA:0,getBatchHistory
FNDA:2,getBatchSummary
FNDA:2,(anonymous_11)
DA:24,4
DA:30,4
DA:32,4
DA:33,4
DA:34,4
DA:36,4
DA:37,0
DA:40,4
DA:41,25
DA:47,4
DA:48,7
DA:50,6
DA:51,1
DA:54,6
DA:56,6
DA:57,4
DA:58,0
DA:66,4
DA:67,5
DA:73,4
DA:74,9
DA:75,9
DA:76,4
DA:77,4
DA:84,4
DA:85,1
DA:91,4
DA:92,2
DA:94,1
DA:95,1
DA:96,3
DA:97,1
DA:98,1
DA:101,1
DA:103,1
DA:112,1
DA:114,1
DA:115,0
DA:118,1
DA:120,1
DA:122,1
DA:128,4
DA:129,0
DA:135,4
DA:140,2
DA:141,2
DA:142,2
DA:144,2
DA:147,4
LF:49
LH:45
BRDA:48,0,0,1
BRDA:50,1,0,1
BRDA:56,2,0,4
BRDA:56,3,0,6
BRDA:56,3,1,4
BRDA:75,4,0,4
BRDA:85,5,0,1
BRDA:85,5,1,0
BRDA:92,6,0,1
BRDA:96,7,0,3
BRDA:96,7,1,3
BRDA:96,8,0,3
BRDA:96,8,1,3
BRDA:98,9,0,1
BRDA:98,9,1,0
BRDA:99,10,0,1
BRDA:99,10,1,0
BRDA:114,11,0,0
BRDA:142,12,0,2
BRDA:142,12,1,0
BRF:20
BRH:15
end_of_record
TN:
SF:src/optimizations/caching.ts
FN:27,loadFromStorage
FN:33,(anonymous_2)
FN:52,evictIfNeeded
FN:60,saveToStorage
FN:61,(anonymous_5)
FN:71,scheduleSave
FN:74,(anonymous_7)
FN:88,flushSave
FN:103,getCacheKey
FN:109,getOptions
FN:113,setOptions
FN:117,addCache
FN:138,checkCache
FN:159,addCacheControl
FN:169,(anonymous_15)
FN:178,isEnabled
FNF:16
FNH:12
FNDA:4,loadFromStorage
FNDA:20,(anonymous_2)
FNDA:14,evictIfNeeded
FNDA:0,saveToStorage
FNDA:0,(anonymous_5)
FNDA:10,scheduleSave
FNDA:0,(anonymous_7)
FNDA:0,flushSave
FNDA:20,getCacheKey
FNDA:1,getOptions
FNDA:50,setOptions
FNDA:11,addCache
FNDA:12,checkCache
FNDA:5,addCacheControl
FNDA:1,(anonymous_15)
FNDA:2,isEnabled
DA:1,4
DA:2,4
DA:14,4
DA:15,4
DA:17,4
DA:23,4
DA:25,4
DA:28,4
DA:29,4
DA:30,4
DA:31,4
DA:33,4
DA:34,20
DA:35,0
DA:36,0
DA:41,4
DA:44,0
DA:45,0
DA:46,0
DA:53,14
DA:55,0
DA:56,0
DA:61,0
DA:64,0
DA:68,4
DA:69,4
DA:72,10
DA:73,10
DA:74,1
DA:75,0
DA:76,0
DA:77,0
DA:78,0
DA:82,1
DA:83,1
DA:89,0
DA:90,0
DA:91,0
DA:93,0
DA:94,0
DA:95,0
DA:99,4
DA:101,4
DA:105,20
DA:106,20
DA:109,4
DA:110,1
DA:113,4
DA:114,50
DA:117,4
DA:118,11
DA:120,10
DA:122,10
DA:123,10
DA:125,10
DA:130,10
DA:131,1
DA:133,10
DA:134,10
DA:135,10
DA:138,4
DA:139,12
DA:141,10
DA:142,10
DA:144,10
DA:146,8
DA:147,8
DA:150,8
DA:151,8
DA:152,8
DA:153,8
DA:156,8
DA:159,4
DA:160,5
DA:162,4
DA:164,4
DA:165,4
DA:166,3
DA:169,1
DA:175,1
DA:178,4
DA:179,2
DA:182,4
LF:83
LH:64
BRDA:31,0,0,4
BRDA:31,0,1,0
BRDA:34,1,0,0
BRDA:45,2,0,0
BRDA:53,3,0,14
BRDA:53,3,1,0
BRDA:73,4,0,9
BRDA:76,5,0,0
BRDA:82,6,0,1
BRDA:82,7,0,1
BRDA:82,7,1,1
BRDA:82,7,2,1
BRDA:89,8,0,0
BRDA:93,9,0,0
BRDA:118,10,0,1
BRDA:123,11,0,2
BRDA:130,12,0,1
BRDA:139,13,0,2
BRDA:144,14,0,2
BRDA:146,15,0,8
BRDA:146,15,1,0
BRDA:147,16,0,0
BRDA:151,17,0,8
BRDA:160,18,0,1
BRDA:162,19,0,4
BRDA:162,19,1,4
BRDA:164,20,0,4
BRDA:164,21,0,4
BRDA:164,21,1,4
BRDA:165,22,0,3
BRDA:168,23,0,1
BRDA:168,23,1,2
BRF:32
BRH:23
end_of_record
TN:
SF:src/optimizations/compression.ts
FN:37,getOptions
FN:41,setOptions
FN:45,estimateTokens
FN:58,protectCodeBlocks
FN:62,(anonymous_4)
FN:69,(anonymous_5)
FN:69,(anonymous_6)
FN:73,compress
FN:118,compressPrompt
FN:126,(anonymous_9)
FNF:10
FNH:9
FNDA:0,getOptions
FNDA:47,setOptions
FNDA:82,estimateTokens
FNDA:41,protectCodeBlocks
FNDA:8,(anonymous_4)
FNDA:41,(anonymous_5)
FNDA:8,(anonymous_6)
FNDA:42,compress
FNDA:4,compressPrompt
FNDA:2,(anonymous_9)
DA:6,4
DA:11,4
DA:38,0
DA:42,47
DA:47,82
DA:48,82
DA:49,2284
DA:51,82
DA:59,41
DA:61,41
DA:62,41
DA:63,8
DA:64,8
DA:66,41
DA:69,41
DA:74,42
DA:75,1
DA:78,41
DA:79,41
DA:80,41
DA:83,41
DA:84,820
DA:89,41
DA:97,41
DA:99,41
DA:102,41
DA:103,0
DA:106,41
DA:119,4
DA:121,2
DA:122,1
DA:125,1
DA:126,1
DA:127,2
DA:128,1
DA:130,1
DA:134,0
DA:137,4
LF:38
LH:35
BRDA:49,0,0,28
BRDA:49,0,1,2256
BRDA:74,1,0,1
BRDA:102,2,0,0
BRDA:119,3,0,2
BRDA:119,4,0,4
BRDA:119,4,1,4
BRDA:121,5,0,1
BRDA:125,6,0,1
BRDA:127,7,0,1
BRDA:127,8,0,2
BRDA:127,8,1,1
BRF:12
BRH:11
end_of_record
TN:
SF:src/optimizations/index.ts
FN:1,(anonymous_1)
FN:2,(anonymous_2)
FN:3,(anonymous_3)
FN:4,(anonymous_4)
FN:5,(anonymous_5)
FN:70,setOptimizationConfig
FN:77,getOptimizationConfig
FN:81,applyOptimizations
FN:103,(anonymous_9)
FN:113,(anonymous_10)
FN:127,(anonymous_11)
FN:139,(anonymous_12)
FN:147,(anonymous_13)
FN:211,messagesToText
FN:213,(anonymous_15)
FN:217,(anonymous_16)
FN:218,(anonymous_17)
FN:226,hasCacheMarkers
FN:227,(anonymous_19)
FN:229,(anonymous_20)
FNF:20
FNH:12
FNDA:0,(anonymous_1)
FNDA:0,(anonymous_2)
FNDA:0,(anonymous_3)
FNDA:0,(anonymous_4)
FNDA:0,(anonymous_5)
FNDA:17,setOptimizationConfig
FNDA:2,getOptimizationConfig
FNDA:17,applyOptimizations
FNDA:13,(anonymous_9)
FNDA:4,(anonymous_10)
FNDA:4,(anonymous_11)
FNDA:14,(anonymous_12)
FNDA:4,(anonymous_13)
FNDA:14,messagesToText
FNDA:14,(anonymous_15)
FNDA:4,(anonymous_16)
FNDA:2,(anonymous_17)
FNDA:0,hasCacheMarkers
FNDA:0,(anonymous_19)
FNDA:0,(anonymous_20)
DA:1,3
DA:2,3
DA:3,3
DA:4,3
DA:5,3
DA:7,3
DA:8,3
DA:9,3
DA:10,3
DA:11,3
DA:62,3
DA:70,3
DA:71,17
DA:72,17
DA:73,17
DA:74,17
DA:77,3
DA:78,2
DA:81,3
DA:82,17
DA:83,17
DA:91,17
DA:92,2
DA:95,15
DA:98,15
DA:101,15
DA:102,13
DA:103,13
DA:104,13
DA:105,11
DA:106,11
DA:107,1
DA:110,12
DA:111,2
DA:114,4
DA:115,2
DA:116,2
DA:117,2
DA:118,1
DA:121,3
DA:125,10
DA:127,13
DA:128,13
DA:129,2
DA:132,0
DA:137,15
DA:138,14
DA:139,14
DA:140,14
DA:141,12
DA:142,12
DA:144,2
DA:145,2
DA:148,4
DA:149,2
DA:150,2
DA:151,2
DA:153,2
DA:157,0
DA:159,14
DA:161,0
DA:166,15
DA:167,14
DA:168,14
DA:169,14
DA:170,14
DA:171,1
DA:172,1
DA:175,0
DA:180,15
DA:181,1
DA:182,1
DA:183,1
DA:184,1
DA:187,0
DA:192,15
DA:193,0
DA:194,0
DA:195,0
DA:196,0
DA:199,15
DA:200,15
DA:201,15
DA:203,15
DA:204,15
DA:205,2
DA:208,15
DA:212,14
DA:214,14
DA:215,2
DA:216,2
DA:217,4
DA:218,2
DA:221,0
DA:227,0
DA:228,0
DA:229,0
DA:231,0
LF:98
LH:84
BRDA:72,0,0,17
BRDA:72,0,1,2
BRDA:73,1,0,17
BRDA:73,1,1,1
BRDA:74,2,0,17
BRDA:74,2,1,2
BRDA:91,3,0,2
BRDA:91,4,0,17
BRDA:91,4,1,17
BRDA:101,5,0,13
BRDA:104,6,0,11
BRDA:106,7,0,1
BRDA:110,8,0,2
BRDA:114,9,0,2
BRDA:114,10,0,4
BRDA:114,10,1,2
BRDA:117,11,0,1
BRDA:128,12,0,2
BRDA:137,13,0,14
BRDA:140,14,0,12
BRDA:144,15,0,2
BRDA:148,16,0,2
BRDA:148,17,0,4
BRDA:148,17,1,2
BRDA:166,18,0,14
BRDA:166,19,0,15
BRDA:166,19,1,14
BRDA:170,20,0,1
BRDA:180,21,0,1
BRDA:180,22,0,15
BRDA:180,22,1,14
BRDA:183,23,0,1
BRDA:183,24,0,1
BRDA:183,24,1,0
BRDA:192,25,0,0
BRDA:192,26,0,15
BRDA:192,26,1,15
BRDA:204,27,0,2
BRDA:214,28,0,12
BRDA:215,29,0,2
BRDA:228,30,0,0
BRDA:229,31,0,0
BRDA:229,31,1,0
BRF:43
BRH:38
end_of_record
TN:
SF:src/optimizations/routing.ts
FN:74,getOptions
FN:78,setOptions
FN:82,detectComplexity
FN:119,routeModel
FNF:4
FNH:3
FNDA:0,getOptions
FNDA:42,setOptions
FNDA:38,detectComplexity
FNDA:26,routeModel
DA:2,4
DA:3,4
DA:16,4
DA:51,4
DA:58,4
DA:64,4
DA:75,0
DA:79,42
DA:83,38
DA:86,38
DA:87,38
DA:88,38
DA:90,38
DA:91,605
DA:94,38
DA:95,522
DA:98,38
DA:99,950
DA:103,38
DA:104,38
DA:106,38
DA:109,38
DA:113,24
DA:114,13
DA:115,9
DA:116,0
DA:120,26
DA:122,25
DA:125,25
DA:128,12
DA:129,181
DA:130,8
DA:135,4
DA:141,4
DA:142,0
DA:143,0
DA:144,0
DA:150,4
DA:153,4
LF:39
LH:34
BRDA:91,0,0,12
BRDA:95,1,0,4
BRDA:99,2,0,10
BRDA:103,3,0,1
BRDA:104,4,0,0
BRDA:109,5,0,14
BRDA:113,6,0,11
BRDA:113,7,0,24
BRDA:113,7,1,11
BRDA:113,7,2,11
BRDA:114,8,0,4
BRDA:114,9,0,13
BRDA:114,9,1,4
BRDA:115,10,0,9
BRDA:120,11,0,1
BRDA:125,12,0,13
BRDA:129,13,0,8
BRDA:129,14,0,181
BRDA:129,14,1,29
BRDA:135,15,0,0
BRDA:135,15,1,4
BRDA:137,16,0,0
BRDA:137,16,1,4
BRDA:143,17,0,0
BRDA:143,18,0,0
BRDA:143,18,1,0
BRF:26
BRH:20
end_of_record
TN:
SF:src/optimizations/rules.ts
FN:28,loadFromStorage
FN:31,(anonymous_1)
FN:41,saveToStorage
FN:52,validatePattern
FN:67,addRule
FN:83,listRules
FN:84,(anonymous_6)
FN:87,getRule
FN:91,updateRule
FN:108,deleteRule
FN:117,safeRegexReplace
FN:122,(anonymous_11)
FN:138,applyRules
FN:142,(anonymous_13)
FNF:14
FNH:13
FNDA:4,loadFromStorage
FNDA:0,(anonymous_1)
FNDA:45,saveToStorage
FNDA:30,validatePattern
FNDA:26,addRule
FNDA:41,listRules
FNDA:6,(anonymous_6)
FNDA:3,getRule
FNDA:7,updateRule
FNDA:22,deleteRule
FNDA:10,safeRegexReplace
FNDA:10,(anonymous_11)
FNDA:20,applyRules
FNDA:4,(anonymous_13)
DA:1,4
DA:3,4
DA:6,4
DA:7,4
DA:8,4
DA:25,4
DA:26,4
DA:29,4
DA:30,4
DA:31,4
DA:32,4
DA:35,0
DA:36,0
DA:42,45
DA:43,45
DA:46,4
DA:52,4
DA:53,30
DA:54,1
DA:56,29
DA:57,2
DA:59,27
DA:60,27
DA:61,25
DA:63,2
DA:67,4
DA:69,26
DA:70,25
DA:71,25
DA:74,24
DA:75,3
DA:77,21
DA:78,21
DA:79,21
DA:80,21
DA:83,4
DA:84,41
DA:87,4
DA:88,3
DA:91,4
DA:92,7
DA:93,7
DA:95,6
DA:96,2
DA:99,4
DA:100,1
DA:102,3
DA:103,3
DA:105,4
DA:108,4
DA:109,22
DA:110,22
DA:111,22
DA:118,10
DA:119,10
DA:120,10
DA:121,10
DA:122,10
DA:123,10
DA:125,10
DA:126,0
DA:128,10
DA:130,10
DA:133,0
DA:134,0
DA:138,4
DA:139,20
DA:142,20
DA:144,20
DA:145,12
DA:147,11
DA:148,10
DA:152,20
DA:155,4
LF:74
LH:69
BRDA:35,0,0,0
BRDA:35,1,0,0
BRDA:35,1,1,0
BRDA:53,2,0,1
BRDA:53,3,0,30
BRDA:53,3,1,29
BRDA:56,4,0,2
BRDA:69,5,0,25
BRDA:71,6,0,2
BRDA:74,7,0,3
BRDA:74,8,0,24
BRDA:74,8,1,23
BRDA:74,8,2,22
BRDA:93,9,0,6
BRDA:95,10,0,2
BRDA:95,11,0,6
BRDA:95,11,1,3
BRDA:95,11,2,3
BRDA:95,11,3,2
BRDA:99,12,0,1
BRDA:99,13,0,4
BRDA:99,13,1,2
BRDA:99,13,2,2
BRDA:110,14,0,21
BRDA:125,15,0,0
BRDA:125,16,0,10
BRDA:125,16,1,10
BRDA:145,17,0,1
BRDA:147,18,0,10
BRF:29
BRH:25
end_of_record
TN:
SF:src/proxy/pricing.ts
FN:74,(anonymous_0)
FN:76,normalizeModelName
FN:88,calculateCost
FNF:3
FNH:3
FNDA:567,(anonymous_0)
FNDA:66,normalizeModelName
FNDA:23,calculateCost
DA:10,7
DA:43,7
DA:74,567
DA:76,7
DA:77,66
DA:78,65
DA:79,65
DA:80,39
DA:82,7
DA:83,167
DA:85,6
DA:88,7
DA:90,23
DA:91,23
DA:92,23
DA:93,23
DA:94,23
LF:17
LH:17
BRDA:77,0,0,1
BRDA:79,1,0,26
BRDA:80,2,0,32
BRDA:83,3,0,1
BRDA:90,4,0,14
BRDA:90,4,1,9
BRDA:90,5,0,23
BRDA:90,5,1,21
BRDA:91,6,0,14
BRDA:91,6,1,9
BRDA:91,7,0,23
BRDA:91,7,1,21
BRDA:93,8,0,23
BRDA:93,8,1,4
BRF:14
BRH:14
end_of_record
TN:
SF:src/proxy/requestTracker.ts
FN:40,startAutoCleanup
FN:42,(anonymous_1)
FN:47,(anonymous_2)
FN:60,stopAutoCleanup
FN:74,isRetryableStatus
FN:88,getRetryDelay
FN:94,generateRequestId
FN:102,createRequestMetadata
FN:131,getRequestMetadata
FN:135,updateRequestStatus
FN:142,incrementRetry
FN:152,canRetry
FN:158,completeRequest
FN:173,failRequest
FN:195,getCompletedRequest
FN:199,getStatsSummary
FN:209,(anonymous_16)
FN:210,(anonymous_17)
FN:212,(anonymous_18)
FN:213,(anonymous_19)
FN:218,(anonymous_20)
FN:219,(anonymous_21)
FN:221,(anonymous_22)
FN:234,clearOldRequests
FNF:24
FNH:22
FNDA:6,startAutoCleanup
FNDA:0,(anonymous_1)
FNDA:0,(anonymous_2)
FNDA:4,stopAutoCleanup
FNDA:12,isRetryableStatus
FNDA:4,getRetryDelay
FNDA:67,generateRequestId
FNDA:67,createRequestMetadata
FNDA:6,getRequestMetadata
FNDA:2,updateRequestStatus
FNDA:6,incrementRetry
FNDA:2,canRetry
FNDA:56,completeRequest
FNDA:5,failRequest
FNDA:4,getCompletedRequest
FNDA:3,getStatsSummary
FNDA:67,(anonymous_16)
FNDA:67,(anonymous_17)
FNDA:67,(anonymous_18)
FNDA:67,(anonymous_19)
FNDA:67,(anonymous_20)
FNDA:61,(anonymous_21)
FNDA:61,(anonymous_22)
FNDA:10,clearOldRequests
DA:29,3
DA:30,3
DA:31,3
DA:32,3
DA:33,3
DA:34,3
DA:35,3
DA:38,3
DA:41,6
DA:42,5
DA:43,0
DA:45,0
DA:46,0
DA:47,0
DA:48,0
DA:49,0
DA:50,0
DA:55,5
DA:56,5
DA:61,4
DA:62,2
DA:63,2
DA:68,3
DA:76,12
DA:78,10
DA:79,7
DA:86,3
DA:89,4
DA:90,4
DA:91,4
DA:96,67
DA:99,67
DA:111,67
DA:113,67
DA:127,67
DA:128,67
DA:132,6
DA:136,2
DA:137,2
DA:138,1
DA:143,6
DA:144,6
DA:145,5
DA:146,5
DA:147,5
DA:149,1
DA:153,2
DA:154,2
DA:155,2
DA:159,56
DA:160,56
DA:161,56
DA:162,56
DA:163,56
DA:164,56
DA:165,56
DA:167,56
DA:168,8
DA:174,5
DA:175,5
DA:176,4
DA:177,4
DA:190,4
DA:191,4
DA:196,4
DA:207,3
DA:208,3
DA:209,67
DA:210,67
DA:212,67
DA:213,67
DA:214,3
DA:217,3
DA:218,67
DA:219,61
DA:220,3
DA:221,61
DA:222,3
DA:224,3
DA:235,10
DA:238,10
DA:239,447
DA:240,0
DA:245,10
DA:246,10
DA:247,60
DA:248,0
DA:249,0
DA:252,10
DA:253,0
DA:257,3
LF:91
LH:80
BRDA:41,0,0,1
BRDA:45,1,0,0
BRDA:47,2,0,0
BRDA:47,2,1,0
BRDA:47,3,0,0
BRDA:47,3,1,0
BRDA:55,4,0,5
BRDA:55,5,0,5
BRDA:55,5,1,5
BRDA:55,5,2,5
BRDA:61,6,0,2
BRDA:76,7,0,2
BRDA:76,8,0,12
BRDA:76,8,1,11
BRDA:78,9,0,3
BRDA:96,10,0,67
BRDA:96,10,1,0
BRDA:96,11,0,67
BRDA:96,11,1,67
BRDA:137,12,0,1
BRDA:144,13,0,5
BRDA:154,14,0,0
BRDA:160,15,0,56
BRDA:167,16,0,8
BRDA:175,17,0,4
BRDA:184,18,0,4
BRDA:184,18,1,1
BRDA:213,19,0,3
BRDA:213,19,1,0
BRDA:214,20,0,3
BRDA:214,20,1,0
BRDA:220,21,0,3
BRDA:220,21,1,0
BRDA:222,22,0,3
BRDA:222,22,1,0
BRDA:234,23,0,8
BRDA:239,24,0,0
BRDA:239,25,0,447
BRDA:239,25,1,447
BRDA:247,26,0,0
BRDA:252,27,0,0
BRF:41
BRH:27
end_of_record
TN:
SF:src/proxy/responseHandler.ts
FN:17,extractStreamUsage
FN:82,parseNonStreamUsage
FN:109,isStreamResponse
FN:123,handleResponse
FN:144,recordStats
FN:171,calculateCacheSavings
FNF:6
FNH:6
FNDA:14,extractStreamUsage
FNDA:7,parseNonStreamUsage
FNDA:18,isStreamResponse
FNDA:18,handleResponse
FNDA:3,recordStats
FNDA:3,calculateCacheSavings
DA:1,3
DA:2,3
DA:17,3
DA:18,14
DA:20,11
DA:21,11
DA:24,11
DA:25,26
DA:26,20
DA:27,20
DA:28,16
DA:29,16
DA:30,13
DA:31,2
DA:32,2
DA:35,3
DA:36,3
DA:40,11
DA:41,21
DA:42,21
DA:43,15
DA:44,15
DA:46,11
DA:47,11
DA:50,9
DA:51,3
DA:61,6
DA:62,5
DA:71,2
DA:72,2
DA:76,3
DA:83,7
DA:84,5
DA:85,5
DA:86,4
DA:87,3
DA:100,1
DA:101,1
DA:103,1
DA:110,18
DA:111,18
DA:112,10
DA:114,8
DA:115,1
DA:117,7
DA:123,3
DA:128,18
DA:130,18
DA:132,18
DA:133,11
DA:135,7
DA:138,18
DA:144,3
DA:145,3
DA:147,3
DA:150,3
DA:152,3
DA:161,3
DA:163,3
DA:164,1
DA:173,3
DA:174,3
DA:175,3
DA:178,3
LF:64
LH:64
BRDA:18,0,0,3
BRDA:18,1,0,14
BRDA:18,1,1,13
BRDA:25,2,0,6
BRDA:27,3,0,4
BRDA:30,4,0,2
BRDA:30,5,0,13
BRDA:30,5,1,2
BRDA:42,6,0,6
BRDA:44,7,0,4
BRDA:50,8,0,3
BRDA:50,9,0,9
BRDA:50,9,1,3
BRDA:52,10,0,3
BRDA:52,10,1,0
BRDA:53,11,0,3
BRDA:53,11,1,0
BRDA:54,12,0,3
BRDA:54,12,1,2
BRDA:55,13,0,3
BRDA:55,13,1,3
BRDA:61,14,0,5
BRDA:63,15,0,5
BRDA:63,15,1,0
BRDA:64,16,0,5
BRDA:64,16,1,2
BRDA:65,17,0,5
BRDA:65,17,1,4
BRDA:67,18,0,5
BRDA:67,18,1,2
BRDA:83,19,0,2
BRDA:83,20,0,7
BRDA:83,20,1,6
BRDA:86,21,0,3
BRDA:88,22,0,3
BRDA:88,22,1,1
BRDA:88,22,2,0
BRDA:89,23,0,3
BRDA:89,23,1,1
BRDA:89,23,2,0
BRDA:92,24,0,3
BRDA:92,24,1,2
BRDA:92,24,2,1
BRDA:95,25,0,3
BRDA:95,25,1,2
BRDA:96,26,0,3
BRDA:96,26,1,0
BRDA:110,27,0,18
BRDA:110,27,1,0
BRDA:111,28,0,10
BRDA:114,29,0,1
BRDA:114,30,0,8
BRDA:114,30,1,7
BRDA:132,31,0,11
BRDA:132,31,1,7
BRDA:145,32,0,0
BRDA:163,33,0,1
BRF:57
BRH:49
end_of_record
TN:
SF:src/proxy/server.ts
FN:41,logProxy
FN:54,isStreamRequest
FN:85,recordRequestResult
FN:138,sendUpstream
FN:143,(anonymous_14)
FN:146,(anonymous_15)
FN:150,(anonymous_16)
FN:151,(anonymous_17)
FN:161,(anonymous_18)
FN:168,(anonymous_19)
FN:174,(anonymous_20)
FN:206,(anonymous_21)
FN:213,(anonymous_22)
FN:226,(anonymous_23)
FN:234,(anonymous_24)
FN:266,(anonymous_25)
FN:267,(anonymous_26)
FN:271,(anonymous_27)
FN:284,(anonymous_28)
FN:285,(anonymous_29)
FN:289,(anonymous_30)
FN:291,(anonymous_31)
FN:292,(anonymous_32)
FN:315,(anonymous_33)
FN:446,(anonymous_34)
FN:455,(anonymous_35)
FN:471,(anonymous_36)
FN:490,(anonymous_37)
FN:520,(anonymous_38)
FN:530,(anonymous_39)
FN:532,(anonymous_40)
FN:546,(anonymous_41)
FN:597,(anonymous_42)
FN:607,(anonymous_43)
FN:680,(anonymous_44)
FN:703,(anonymous_45)
FN:713,(anonymous_46)
FN:714,(anonymous_47)
FN:726,(anonymous_48)
FN:727,(anonymous_49)
FN:736,(anonymous_50)
FN:744,(anonymous_51)
FN:759,(anonymous_52)
FN:768,(anonymous_53)
FN:781,(anonymous_54)
FN:786,(anonymous_55)
FN:791,(anonymous_56)
FN:801,(anonymous_57)
FN:811,(anonymous_58)
FN:818,(anonymous_59)
FN:828,(anonymous_60)
FN:834,(anonymous_61)
FN:860,(anonymous_62)
FN:872,(anonymous_63)
FN:876,(anonymous_64)
FN:880,(anonymous_65)
FN:885,(anonymous_66)
FN:890,(anonymous_67)
FN:896,(anonymous_68)
FN:903,(anonymous_69)
FN:903,(anonymous_70)
FN:903,(anonymous_71)
FNF:62
FNH:35
FNDA:41,logProxy
FNDA:3,isStreamRequest
FNDA:0,recordRequestResult
FNDA:3,sendUpstream
FNDA:3,(anonymous_14)
FNDA:3,(anonymous_15)
FNDA:4,(anonymous_16)
FNDA:3,(anonymous_17)
FNDA:0,(anonymous_18)
FNDA:0,(anonymous_19)
FNDA:0,(anonymous_20)
FNDA:16,(anonymous_21)
FNDA:14,(anonymous_22)
FNDA:6,(anonymous_23)
FNDA:6,(anonymous_24)
FNDA:6,(anonymous_25)
FNDA:6,(anonymous_26)
FNDA:165,(anonymous_27)
FNDA:5,(anonymous_28)
FNDA:0,(anonymous_29)
FNDA:16,(anonymous_30)
FNDA:16,(anonymous_31)
FNDA:8,(anonymous_32)
FNDA:6,(anonymous_33)
FNDA:0,(anonymous_34)
FNDA:0,(anonymous_35)
FNDA:0,(anonymous_36)
FNDA:0,(anonymous_37)
FNDA:0,(anonymous_38)
FNDA:0,(anonymous_39)
FNDA:0,(anonymous_40)
FNDA:0,(anonymous_41)
FNDA:0,(anonymous_42)
FNDA:0,(anonymous_43)
FNDA:0,(anonymous_44)
FNDA:16,(anonymous_45)
FNDA:0,(anonymous_46)
FNDA:0,(anonymous_47)
FNDA:17,(anonymous_48)
FNDA:17,(anonymous_49)
FNDA:16,(anonymous_50)
FNDA:0,(anonymous_51)
FNDA:16,(anonymous_52)
FNDA:0,(anonymous_53)
FNDA:1,(anonymous_54)
FNDA:2,(anonymous_55)
FNDA:52,(anonymous_56)
FNDA:11,(anonymous_57)
FNDA:4,(anonymous_58)
FNDA:36,(anonymous_59)
FNDA:2,(anonymous_60)
FNDA:7,(anonymous_61)
FNDA:16,(anonymous_62)
FNDA:3,(anonymous_63)
FNDA:1,(anonymous_64)
FNDA:0,(anonymous_65)
FNDA:0,(anonymous_66)
FNDA:0,(anonymous_67)
FNDA:0,(anonymous_68)
FNDA:0,(anonymous_69)
FNDA:0,(anonymous_70)
FNDA:0,(anonymous_71)
DA:1,2
DA:2,2
DA:3,2
DA:4,2
DA:5,2
DA:6,2
DA:7,2
DA:8,2
DA:9,2
DA:10,2
DA:11,2
DA:12,2
DA:22,2
DA:23,2
DA:25,2
DA:26,2
DA:27,2
DA:28,2
DA:31,2
DA:42,41
DA:43,41
DA:44,41
DA:45,13
DA:47,28
DA:55,3
DA:56,3
DA:57,2
DA:59,1
DA:90,0
DA:91,0
DA:92,0
DA:94,0
DA:95,0
DA:104,0
DA:105,0
DA:108,0
DA:109,0
DA:110,0
DA:112,0
DA:113,0
DA:116,0
DA:117,0
DA:128,0
DA:129,0
DA:132,0
DA:143,3
DA:144,3
DA:145,3
DA:146,3
DA:148,3
DA:149,3
DA:150,4
DA:151,3
DA:152,3
DA:153,3
DA:154,3
DA:161,3
DA:162,0
DA:163,0
DA:164,0
DA:168,3
DA:169,0
DA:170,0
DA:171,0
DA:174,3
DA:175,0
DA:176,0
DA:177,0
DA:180,3
DA:181,2
DA:183,3
DA:187,2
DA:188,2
DA:191,16
DA:195,16
DA:196,16
DA:197,16
DA:198,16
DA:199,16
DA:202,16
DA:203,16
DA:204,16
DA:207,16
DA:208,16
DA:209,16
DA:210,16
DA:214,14
DA:217,10
DA:219,4
DA:221,3
DA:223,1
DA:227,6
DA:228,6
DA:229,0
DA:230,0
DA:235,6
DA:237,6
DA:238,23
DA:240,23
DA:242,17
DA:244,17
DA:245,1
DA:246,0
DA:247,1
DA:248,1
DA:250,16
DA:251,0
DA:252,0
DA:254,16
DA:255,16
DA:259,6
DA:260,0
DA:263,6
DA:267,6
DA:268,6
DA:269,6
DA:270,6
DA:271,6
DA:272,165
DA:273,165
DA:274,165
DA:275,1
DA:276,1
DA:277,1
DA:278,1
DA:279,1
DA:281,164
DA:283,6
DA:284,6
DA:285,6
DA:290,16
DA:291,16
DA:292,16
DA:294,8
DA:295,2
DA:296,2
DA:303,2
DA:306,6
DA:307,0
DA:308,0
DA:309,0
DA:310,0
DA:313,6
DA:314,6
DA:315,6
DA:318,6
DA:319,0
DA:320,0
DA:321,0
DA:322,0
DA:325,6
DA:326,6
DA:327,6
DA:328,6
DA:330,6
DA:332,6
DA:335,6
DA:336,6
DA:337,6
DA:339,1
DA:340,1
DA:341,1
DA:342,1
DA:344,1
DA:348,5
DA:349,4
DA:350,4
DA:351,1
DA:352,1
DA:353,1
DA:354,1
DA:356,1
DA:360,4
DA:361,4
DA:363,4
DA:364,3
DA:365,3
DA:366,3
DA:368,3
DA:369,3
DA:370,3
DA:371,3
DA:373,3
DA:383,3
DA:385,3
DA:387,3
DA:395,0
DA:400,4
DA:405,4
DA:406,0
DA:407,0
DA:408,0
DA:410,0
DA:414,4
DA:415,4
DA:416,1
DA:417,1
DA:418,1
DA:419,1
DA:425,1
DA:428,3
DA:437,3
DA:438,0
DA:439,0
DA:442,0
DA:443,0
DA:446,0
DA:447,0
DA:448,0
DA:449,0
DA:450,0
DA:451,0
DA:455,0
DA:456,0
DA:457,0
DA:458,0
DA:459,0
DA:461,0
DA:463,0
DA:464,0
DA:465,0
DA:467,0
DA:469,0
DA:470,0
DA:471,0
DA:472,0
DA:473,0
DA:475,0
DA:476,0
DA:477,0
DA:478,0
DA:481,0
DA:482,0
DA:483,0
DA:484,0
DA:486,0
DA:490,0
DA:492,0
DA:493,0
DA:494,0
DA:495,0
DA:496,0
DA:497,0
DA:498,0
DA:500,0
DA:507,0
DA:508,0
DA:510,0
DA:514,0
DA:520,0
DA:521,0
DA:522,0
DA:525,0
DA:529,0
DA:530,0
DA:532,0
DA:533,0
DA:534,0
DA:535,0
DA:536,0
DA:537,0
DA:538,0
DA:539,0
DA:540,0
DA:541,0
DA:542,0
DA:546,0
DA:547,0
DA:548,0
DA:549,0
DA:550,0
DA:551,0
DA:552,0
DA:553,0
DA:554,0
DA:555,0
DA:559,0
DA:560,0
DA:562,0
DA:563,0
DA:569,3
DA:571,3
DA:573,3
DA:574,0
DA:575,0
DA:577,3
DA:578,3
DA:579,3
DA:582,3
DA:583,3
DA:587,0
DA:588,0
DA:592,0
DA:593,0
DA:594,0
DA:595,0
DA:596,0
DA:597,0
DA:600,0
DA:602,0
DA:603,0
DA:604,0
DA:605,0
DA:606,0
DA:607,0
DA:612,3
DA:613,0
DA:614,0
DA:615,0
DA:616,0
DA:618,0
DA:619,0
DA:620,0
DA:622,0
DA:625,3
DA:627,3
DA:629,3
DA:630,3
DA:631,3
DA:632,3
DA:634,3
DA:636,0
DA:637,0
DA:639,0
DA:640,0
DA:653,0
DA:660,0
DA:661,0
DA:663,0
DA:668,3
DA:669,3
DA:670,3
DA:671,0
DA:675,3
DA:676,3
DA:677,3
DA:679,3
DA:680,0
DA:682,0
DA:683,0
DA:685,0
DA:686,0
DA:687,0
DA:689,0
DA:690,0
DA:691,0
DA:692,0
DA:696,3
DA:697,3
DA:702,16
DA:703,16
DA:704,16
DA:705,16
DA:706,16
DA:707,16
DA:708,16
DA:710,0
DA:713,16
DA:714,0
DA:715,0
DA:718,16
DA:719,16
DA:721,16
DA:727,17
DA:728,17
DA:729,16
DA:730,16
DA:731,16
DA:732,16
DA:736,16
DA:737,16
DA:738,16
DA:739,16
DA:740,16
DA:744,16
DA:746,0
DA:747,0
DA:749,0
DA:750,0
DA:751,0
DA:752,0
DA:755,0
DA:759,16
DA:760,16
DA:761,16
DA:764,16
DA:765,0
DA:766,0
DA:768,0
DA:769,0
DA:770,0
DA:774,16
DA:776,1
DA:782,1
DA:783,1
DA:787,2
DA:792,52
DA:793,52
DA:794,7
DA:795,7
DA:797,52
DA:803,11
DA:804,10
DA:805,10
DA:806,4
DA:807,3
DA:812,4
DA:813,4
DA:814,4
DA:819,36
DA:820,36
DA:821,36
DA:822,12
DA:823,12
DA:829,2
DA:830,2
DA:835,7
DA:838,7
DA:839,7
DA:842,7
DA:843,1
DA:847,6
DA:848,2
DA:851,4
DA:852,4
DA:853,1
DA:856,3
DA:861,16
DA:862,16
DA:863,16
DA:864,16
DA:865,16
DA:866,16
DA:868,0
DA:873,3
DA:877,1
DA:881,0
DA:882,0
DA:886,0
DA:891,0
DA:892,0
DA:897,0
DA:901,2
DA:903,2
LF:444
LH:255
BRDA:44,0,0,13
BRDA:44,0,1,28
BRDA:105,1,0,0
BRDA:105,1,1,0
BRDA:113,2,0,0
BRDA:113,2,1,0
BRDA:129,3,0,0
BRDA:129,3,1,0
BRDA:152,4,0,0
BRDA:155,5,0,3
BRDA:155,5,1,0
BRDA:162,6,0,0
BRDA:169,7,0,0
BRDA:175,8,0,0
BRDA:180,9,0,2
BRDA:214,10,0,10
BRDA:214,11,0,14
BRDA:214,11,1,7
BRDA:214,11,2,6
BRDA:219,12,0,3
BRDA:219,13,0,4
BRDA:219,13,1,2
BRDA:227,14,0,6
BRDA:227,14,1,0
BRDA:227,14,2,0
BRDA:240,15,0,6
BRDA:240,16,0,23
BRDA:240,16,1,17
BRDA:242,17,0,0
BRDA:242,17,1,17
BRDA:244,18,0,1
BRDA:244,18,1,16
BRDA:245,19,0,0
BRDA:245,19,1,1
BRDA:245,20,0,1
BRDA:245,20,1,0
BRDA:247,21,0,1
BRDA:247,22,0,1
BRDA:247,22,1,1
BRDA:250,23,0,0
BRDA:250,23,1,16
BRDA:251,24,0,0
BRDA:251,25,0,0
BRDA:251,25,1,0
BRDA:254,26,0,16
BRDA:259,27,0,0
BRDA:272,28,0,0
BRDA:274,29,0,1
BRDA:284,30,0,5
BRDA:285,31,0,0
BRDA:294,32,0,2
BRDA:294,33,0,8
BRDA:294,33,1,3
BRDA:294,33,2,2
BRDA:306,34,0,0
BRDA:318,35,0,0
BRDA:326,36,0,6
BRDA:326,36,1,0
BRDA:340,37,0,1
BRDA:342,38,0,1
BRDA:342,38,1,0
BRDA:348,39,0,4
BRDA:348,40,0,5
BRDA:348,40,1,4
BRDA:349,41,0,4
BRDA:349,41,1,0
BRDA:350,42,0,1
BRDA:350,43,0,4
BRDA:350,43,1,1
BRDA:352,44,0,1
BRDA:363,45,0,3
BRDA:363,46,0,4
BRDA:363,46,1,4
BRDA:363,46,2,3
BRDA:368,47,0,3
BRDA:389,48,0,3
BRDA:389,48,1,0
BRDA:400,49,0,4
BRDA:400,49,1,1
BRDA:400,49,2,0
BRDA:405,50,0,0
BRDA:405,51,0,4
BRDA:405,51,1,3
BRDA:406,52,0,0
BRDA:414,53,0,1
BRDA:414,53,1,3
BRDA:415,54,0,1
BRDA:417,55,0,1
BRDA:421,56,0,1
BRDA:421,56,1,0
BRDA:437,57,0,0
BRDA:439,58,0,0
BRDA:439,58,1,0
BRDA:447,59,0,0
BRDA:456,60,0,0
BRDA:456,60,1,0
BRDA:457,61,0,0
BRDA:457,61,1,0
BRDA:464,62,0,0
BRDA:472,63,0,0
BRDA:475,64,0,0
BRDA:481,65,0,0
BRDA:483,66,0,0
BRDA:483,66,1,0
BRDA:492,67,0,0
BRDA:495,68,0,0
BRDA:496,69,0,0
BRDA:496,69,1,0
BRDA:507,70,0,0
BRDA:507,70,1,0
BRDA:514,71,0,0
BRDA:514,71,1,0
BRDA:536,72,0,0
BRDA:536,73,0,0
BRDA:536,73,1,0
BRDA:537,74,0,0
BRDA:537,74,1,0
BRDA:540,75,0,0
BRDA:549,76,0,0
BRDA:549,77,0,0
BRDA:549,77,1,0
BRDA:550,78,0,0
BRDA:550,78,1,0
BRDA:553,79,0,0
BRDA:559,80,0,0
BRDA:569,81,0,3
BRDA:569,81,1,0
BRDA:573,82,0,0
BRDA:582,83,0,3
BRDA:582,84,0,3
BRDA:582,84,1,3
BRDA:587,85,0,0
BRDA:592,86,0,0
BRDA:592,87,0,0
BRDA:592,87,1,0
BRDA:600,88,0,0
BRDA:600,88,1,0
BRDA:602,89,0,0
BRDA:602,90,0,0
BRDA:602,90,1,0
BRDA:612,91,0,0
BRDA:613,92,0,0
BRDA:613,92,1,0
BRDA:615,93,0,0
BRDA:618,94,0,0
BRDA:625,95,0,0
BRDA:629,96,0,3
BRDA:629,96,1,0
BRDA:631,97,0,3
BRDA:639,98,0,0
BRDA:639,99,0,0
BRDA:639,99,1,0
BRDA:660,100,0,0
BRDA:660,100,1,0
BRDA:668,101,0,3
BRDA:670,102,0,0
BRDA:675,103,0,3
BRDA:675,103,1,3
BRDA:676,104,0,3
BRDA:676,104,1,0
BRDA:679,105,0,0
BRDA:679,105,1,3
BRDA:679,106,0,3
BRDA:679,106,1,2
BRDA:679,106,2,0
BRDA:682,107,0,0
BRDA:683,108,0,0
BRDA:683,108,1,0
BRDA:715,109,0,0
BRDA:715,109,1,0
BRDA:718,110,0,16
BRDA:718,111,0,16
BRDA:718,111,1,16
BRDA:718,111,2,16
BRDA:728,112,0,16
BRDA:728,112,1,1
BRDA:730,113,0,16
BRDA:751,114,0,0
BRDA:760,115,0,16
BRDA:760,116,0,16
BRDA:760,116,1,16
BRDA:765,117,0,0
BRDA:765,117,1,0
BRDA:793,118,0,7
BRDA:803,119,0,1
BRDA:805,120,0,6
BRDA:806,121,0,1
BRDA:821,122,0,12
BRDA:838,123,0,1
BRDA:839,124,0,1
BRDA:842,125,0,1
BRDA:842,126,0,7
BRDA:842,126,1,7
BRDA:847,127,0,2
BRDA:847,128,0,6
BRDA:847,128,1,6
BRDA:851,129,0,4
BRDA:851,129,1,0
BRDA:852,130,0,1
BRDA:868,131,0,0
BRDA:868,131,1,0
BRDA:882,132,0,0
BRDA:882,132,1,0
BRDA:882,133,0,0
BRDA:882,133,1,0
BRDA:891,134,0,0
BRF:206
BRH:95
end_of_record
TN:
SF:src/services/apiKey.ts
FN:21,validateKeyFormat
FN:37,getStore
FN:41,saveStore
FN:45,addApiKey
FN:57,(anonymous_4)
FN:75,deleteApiKey
FN:76,(anonymous_6)
FN:78,(anonymous_7)
FN:86,listApiKeys
FN:87,(anonymous_9)
FN:90,(anonymous_10)
FN:94,getApiKey
FN:95,(anonymous_12)
FN:97,(anonymous_13)
FN:104,getDecryptedKey
FN:105,(anonymous_15)
FN:107,(anonymous_16)
FN:113,getDecryptedKeyByType
FN:114,(anonymous_18)
FN:116,(anonymous_19)
FNF:20
FNH:20
FNDA:6,validateKeyFormat
FNDA:13,getStore
FNDA:6,saveStore
FNDA:8,addApiKey
FNDA:5,(anonymous_4)
FNDA:2,deleteApiKey
FNDA:2,(anonymous_6)
FNDA:1397,(anonymous_7)
FNDA:2,listApiKeys
FNDA:2,(anonymous_9)
FNDA:1394,(anonymous_10)
FNDA:2,getApiKey
FNDA:2,(anonymous_12)
FNDA:1398,(anonymous_13)
FNDA:1,getDecryptedKey
FNDA:1,(anonymous_15)
FNDA:697,(anonymous_16)
FNDA:1,getDecryptedKeyByType
FNDA:1,(anonymous_18)
FNDA:1,(anonymous_19)
DA:1,1
DA:2,1
DA:3,1
DA:15,1
DA:22,6
DA:23,6
DA:24,6
DA:25,1
DA:26,1
DA:34,1
DA:35,1
DA:38,13
DA:42,6
DA:45,1
DA:46,8
DA:47,1
DA:49,7
DA:50,1
DA:52,6
DA:53,6
DA:54,1
DA:57,5
DA:58,5
DA:59,5
DA:60,5
DA:61,5
DA:69,5
DA:70,5
DA:71,5
DA:75,1
DA:76,2
DA:77,2
DA:78,1397
DA:79,2
DA:80,1
DA:81,1
DA:82,1
DA:86,1
DA:87,2
DA:88,2
DA:90,1394
DA:94,1
DA:95,2
DA:96,2
DA:97,1398
DA:98,2
DA:99,1
DA:100,1
DA:104,1
DA:105,1
DA:106,1
DA:107,697
DA:108,1
DA:109,1
DA:113,1
DA:114,1
DA:115,1
DA:116,1
DA:117,1
DA:118,1
DA:122,1
LF:61
LH:61
BRDA:23,0,0,0
BRDA:24,1,0,5
BRDA:25,2,0,1
BRDA:25,2,1,0
BRDA:46,3,0,1
BRDA:46,4,0,8
BRDA:46,4,1,7
BRDA:46,4,2,7
BRDA:49,5,0,1
BRDA:53,6,0,1
BRDA:79,7,0,1
BRDA:98,8,0,1
BRDA:108,9,0,0
BRDA:117,10,0,0
BRF:14
BRH:10
end_of_record
TN:
SF:src/services/budget.ts
FN:20,getDefaultBudget
FN:28,getTodayStr
FN:37,getMonthStr
FN:44,getStore
FN:49,saveStore
FN:57,checkAutoReset
FN:77,getBudget
FN:78,(anonymous_7)
FN:85,setBudgetLimit
FN:89,(anonymous_9)
FN:98,updateSpent
FN:99,(anonymous_11)
FN:114,resetSpent
FN:115,(anonymous_13)
FN:127,getBudgetStatus
FN:131,(anonymous_15)
FN:135,(anonymous_16)
FNF:17
FNH:17
FNDA:67,getDefaultBudget
FNDA:132,getTodayStr
FNDA:125,getMonthStr
FNDA:67,getStore
FNDA:33,saveStore
FNDA:56,checkAutoReset
FNDA:1,getBudget
FNDA:1,(anonymous_7)
FNDA:11,setBudgetLimit
FNDA:9,(anonymous_9)
FNDA:14,updateSpent
FNDA:14,(anonymous_11)
FNDA:11,resetSpent
FNDA:11,(anonymous_13)
FNDA:35,getBudgetStatus
FNDA:35,(anonymous_15)
FNDA:70,(anonymous_16)
DA:1,3
DA:2,3
DA:16,3
DA:17,3
DA:21,67
DA:29,132
DA:30,132
DA:31,132
DA:32,132
DA:33,132
DA:38,125
DA:39,125
DA:40,125
DA:41,125
DA:46,67
DA:50,33
DA:58,56
DA:59,56
DA:60,56
DA:62,56
DA:63,1
DA:64,1
DA:65,1
DA:68,56
DA:69,1
DA:70,1
DA:71,1
DA:74,56
DA:77,3
DA:78,1
DA:79,1
DA:80,1
DA:81,1
DA:85,3
DA:86,11
DA:87,2
DA:89,9
DA:90,9
DA:91,9
DA:92,9
DA:93,9
DA:94,9
DA:98,3
DA:99,14
DA:100,14
DA:101,2
DA:102,2
DA:104,12
DA:105,11
DA:106,11
DA:107,11
DA:109,11
DA:110,11
DA:114,3
DA:115,11
DA:116,11
DA:117,11
DA:118,11
DA:119,9
DA:121,2
DA:123,11
DA:127,3
DA:131,35
DA:132,35
DA:133,35
DA:135,70
DA:141,35
DA:148,3
LF:68
LH:68
BRDA:62,0,0,1
BRDA:68,1,0,1
BRDA:80,2,0,0
BRDA:86,3,0,2
BRDA:86,4,0,11
BRDA:86,4,1,11
BRDA:86,4,2,11
BRDA:100,5,0,2
BRDA:104,6,0,1
BRDA:109,7,0,0
BRDA:109,7,1,11
BRDA:118,8,0,9
BRDA:118,8,1,2
BRDA:133,9,0,2
BRDA:139,10,0,70
BRDA:139,10,1,0
BRF:16
BRH:13
end_of_record
TN:
SF:src/services/config.ts
FN:22,(anonymous_0)
FN:27,(anonymous_1)
FN:32,(anonymous_2)
FN:33,(anonymous_3)
FN:55,getStore
FN:59,saveStore
FN:63,getConfig
FN:64,(anonymous_7)
FN:70,setConfig
FN:78,(anonymous_9)
FN:85,getAllConfig
FN:86,(anonymous_11)
FN:92,resetConfig
FN:93,(anonymous_13)
FN:98,getOptimizationConfig
FN:99,(anonymous_15)
FN:105,setOptimizationConfig
FN:115,(anonymous_17)
FNF:18
FNH:18
FNDA:22,(anonymous_0)
FNDA:7,(anonymous_1)
FNDA:1,(anonymous_2)
FNDA:2,(anonymous_3)
FNDA:42,getStore
FNDA:27,saveStore
FNDA:10,getConfig
FNDA:10,(anonymous_7)
FNDA:33,setConfig
FNDA:22,(anonymous_9)
FNDA:2,getAllConfig
FNDA:2,(anonymous_11)
FNDA:2,resetConfig
FNDA:2,(anonymous_13)
FNDA:5,getOptimizationConfig
FNDA:5,(anonymous_15)
FNDA:5,setOptimizationConfig
FNDA:3,(anonymous_17)
DA:1,4
DA:2,4
DA:14,4
DA:15,4
DA:18,4
DA:21,4
DA:23,22
DA:24,19
DA:25,19
DA:28,7
DA:29,6
DA:30,6
DA:32,1
DA:33,2
DA:37,4
DA:40,4
DA:56,42
DA:60,27
DA:63,4
DA:64,10
DA:65,10
DA:66,10
DA:70,4
DA:71,33
DA:72,1
DA:74,32
DA:75,32
DA:76,10
DA:78,22
DA:79,22
DA:80,22
DA:81,22
DA:85,4
DA:86,2
DA:87,2
DA:88,2
DA:92,4
DA:93,2
DA:94,2
DA:98,4
DA:99,5
DA:100,5
DA:101,5
DA:105,4
DA:107,5
DA:108,6
DA:109,1
DA:111,5
DA:112,1
DA:115,3
DA:116,3
DA:117,3
DA:118,3
DA:122,4
LF:54
LH:54
BRDA:23,0,0,3
BRDA:25,1,0,19
BRDA:25,1,1,18
BRDA:28,2,0,1
BRDA:30,3,0,6
BRDA:30,3,1,5
BRDA:71,4,0,1
BRDA:75,5,0,10
BRDA:75,6,0,32
BRDA:75,6,1,32
BRDA:108,7,0,1
BRDA:111,8,0,1
BRF:12
BRH:12
end_of_record
TN:
SF:src/services/history.ts
FN:35,getStore
FN:42,getRetentionDays
FN:61,cleanupExpiredRequests
FN:66,(anonymous_3)
FN:81,saveStore
FN:88,addRequest
FN:115,(anonymous_6)
FN:126,listRequests
FN:127,(anonymous_8)
FN:133,(anonymous_9)
FN:138,(anonymous_10)
FN:156,getRequest
FN:157,(anonymous_12)
FN:159,(anonymous_13)
FN:163,clearRequests
FN:164,(anonymous_15)
FN:169,getRecentRequests
FN:170,(anonymous_17)
FN:177,getRequestCount
FN:178,(anonymous_19)
FN:182,(anonymous_20)
FN:187,(anonymous_21)
FNF:22
FNH:21
FNDA:22,getStore
FNDA:11,getRetentionDays
FNDA:11,cleanupExpiredRequests
FNDA:56,(anonymous_3)
FNDA:13,saveStore
FNDA:14,addRequest
FNDA:11,(anonymous_6)
FNDA:5,listRequests
FNDA:5,(anonymous_8)
FNDA:6,(anonymous_9)
FNDA:3,(anonymous_10)
FNDA:2,getRequest
FNDA:2,(anonymous_12)
FNDA:2,(anonymous_13)
FNDA:2,clearRequests
FNDA:2,(anonymous_15)
FNDA:2,getRecentRequests
FNDA:2,(anonymous_17)
FNDA:2,getRequestCount
FNDA:2,(anonymous_19)
FNDA:2,(anonymous_20)
FNDA:0,(anonymous_21)
DA:1,3
DA:2,3
DA:3,3
DA:24,3
DA:25,3
DA:26,3
DA:27,3
DA:28,3
DA:31,3
DA:32,3
DA:33,3
DA:36,22
DA:43,11
DA:44,11
DA:45,10
DA:47,1
DA:48,1
DA:49,1
DA:50,1
DA:52,0
DA:54,1
DA:55,1
DA:62,11
DA:64,11
DA:65,11
DA:66,11
DA:67,56
DA:69,56
DA:70,0
DA:71,0
DA:73,56
DA:76,11
DA:77,0
DA:82,13
DA:83,0
DA:85,13
DA:88,3
DA:90,14
DA:91,1
DA:93,13
DA:94,0
DA:96,13
DA:97,1
DA:99,12
DA:100,0
DA:102,12
DA:103,1
DA:105,11
DA:106,0
DA:108,11
DA:109,1
DA:111,11
DA:112,1
DA:115,11
DA:116,11
DA:117,11
DA:118,11
DA:120,11
DA:121,11
DA:122,11
DA:126,3
DA:127,5
DA:128,5
DA:130,5
DA:132,5
DA:133,6
DA:136,5
DA:137,1
DA:138,1
DA:139,3
DA:144,5
DA:145,1
DA:148,5
DA:149,3
DA:152,5
DA:156,3
DA:157,2
DA:158,2
DA:159,2
DA:163,3
DA:164,2
DA:165,2
DA:169,3
DA:170,2
DA:171,2
DA:172,2
DA:177,3
DA:178,2
DA:179,2
DA:181,2
DA:182,2
DA:185,2
DA:186,0
DA:187,0
DA:188,0
DA:193,2
DA:197,3
LF:97
LH:86
BRDA:44,0,0,10
BRDA:49,1,0,1
BRDA:49,1,1,0
BRDA:50,2,0,0
BRDA:50,2,1,1
BRDA:50,3,0,1
BRDA:50,3,1,1
BRDA:69,4,0,0
BRDA:76,5,0,0
BRDA:82,6,0,0
BRDA:90,7,0,1
BRDA:90,8,0,14
BRDA:90,8,1,13
BRDA:93,9,0,0
BRDA:93,10,0,13
BRDA:93,10,1,13
BRDA:96,11,0,1
BRDA:96,12,0,13
BRDA:96,12,1,13
BRDA:96,12,2,13
BRDA:99,13,0,0
BRDA:99,14,0,12
BRDA:99,14,1,12
BRDA:99,14,2,12
BRDA:102,15,0,1
BRDA:102,16,0,12
BRDA:102,16,1,12
BRDA:102,16,2,11
BRDA:105,17,0,0
BRDA:105,18,0,11
BRDA:105,18,1,11
BRDA:105,18,2,11
BRDA:108,19,0,1
BRDA:108,20,0,11
BRDA:108,20,1,1
BRDA:111,21,0,1
BRDA:111,22,0,11
BRDA:111,22,1,1
BRDA:132,23,0,1
BRDA:136,24,0,1
BRDA:139,25,0,3
BRDA:139,25,1,2
BRDA:144,26,0,1
BRDA:148,27,0,3
BRDA:169,28,0,1
BRDA:181,29,0,1
BRDA:185,30,0,0
BRDA:188,31,0,0
BRDA:188,31,1,0
BRF:49
BRH:38
end_of_record
TN:
SF:src/services/stats.ts
FN:17,getDefaultStats
FN:29,getStats
FN:33,saveStats
FN:41,recordOptimization
FN:52,(anonymous_4)
FN:74,addStats
FN:100,(anonymous_6)
FN:160,getSummary
FN:161,(anonymous_8)
FN:164,resetStats
FN:165,(anonymous_10)
FNF:11
FNH:11
FNDA:25,getDefaultStats
FNDA:19,getStats
FNDA:12,saveStats
FNDA:6,recordOptimization
FNDA:4,(anonymous_4)
FNDA:6,addStats
FNDA:2,(anonymous_6)
FNDA:13,getSummary
FNDA:13,(anonymous_8)
FNDA:6,resetStats
FNDA:6,(anonymous_10)
DA:1,3
DA:2,3
DA:14,3
DA:15,3
DA:18,25
DA:30,19
DA:34,12
DA:41,3
DA:47,6
DA:48,2
DA:49,2
DA:52,4
DA:53,4
DA:54,4
DA:56,4
DA:57,0
DA:59,4
DA:61,4
DA:62,0
DA:64,4
DA:66,4
DA:74,3
DA:83,6
DA:84,1
DA:85,1
DA:87,5
DA:88,1
DA:89,1
DA:91,4
DA:92,1
DA:93,1
DA:95,3
DA:96,1
DA:97,1
DA:100,2
DA:101,2
DA:104,2
DA:105,2
DA:106,2
DA:107,2
DA:109,2
DA:110,2
DA:111,2
DA:112,2
DA:113,2
DA:115,2
DA:116,2
DA:118,2
DA:119,2
DA:120,2
DA:122,2
DA:123,2
DA:125,2
DA:126,2
DA:127,2
DA:130,2
DA:131,0
DA:132,0
DA:134,2
DA:135,0
DA:136,0
DA:138,2
DA:139,0
DA:140,0
DA:142,2
DA:143,0
DA:144,0
DA:147,2
DA:148,3
DA:149,3
DA:151,2
DA:152,3
DA:153,3
DA:156,2
DA:160,3
DA:161,13
DA:164,3
DA:165,6
DA:166,6
DA:170,3
LF:80
LH:70
BRDA:47,0,0,2
BRDA:47,1,0,6
BRDA:47,1,1,5
BRDA:56,2,0,0
BRDA:61,3,0,0
BRDA:83,4,0,1
BRDA:83,5,0,6
BRDA:83,5,1,5
BRDA:87,6,0,1
BRDA:87,7,0,5
BRDA:87,7,1,5
BRDA:91,8,0,1
BRDA:91,9,0,4
BRDA:91,9,1,4
BRDA:95,10,0,1
BRDA:95,11,0,3
BRDA:95,11,1,2
BRDA:115,12,0,2
BRDA:122,13,0,2
BRDA:130,14,0,0
BRDA:134,15,0,0
BRDA:138,16,0,0
BRDA:142,17,0,0
BRDA:148,18,0,0
BRDA:149,19,0,0
BRDA:152,20,0,0
BRDA:153,21,0,0
BRF:27
BRH:17
end_of_record
TN:
SF:src/utils/crypto.ts
FN:11,getKeyFilePath
FN:20,isValidHexKey
FN:24,getEncryptionKey
FN:68,encrypt
FN:81,decrypt
FN:110,generateId
FNF:6
FNH:6
FNDA:2,getKeyFilePath
FNDA:2,isValidHexKey
FNDA:24,getEncryptionKey
FNDA:14,encrypt
FNDA:10,decrypt
FNDA:3,generateId
DA:1,2
DA:2,2
DA:3,2
DA:4,2
DA:6,2
DA:7,2
DA:9,2
DA:12,2
DA:13,2
DA:16,2
DA:21,2
DA:25,24
DA:28,2
DA:29,2
DA:30,0
DA:31,0
DA:34,2
DA:36,2
DA:37,2
DA:38,2
DA:39,2
DA:40,2
DA:41,2
DA:43,0
DA:49,0
DA:50,0
DA:52,0
DA:53,0
DA:54,0
DA:55,0
DA:58,0
DA:59,0
DA:60,0
DA:62,0
DA:65,0
DA:68,2
DA:69,14
DA:70,14
DA:71,14
DA:73,14
DA:74,14
DA:76,14
DA:78,14
DA:81,2
DA:82,10
DA:83,10
DA:84,10
DA:85,1
DA:87,9
DA:90,9
DA:91,9
DA:92,1
DA:94,8
DA:95,1
DA:98,7
DA:99,7
DA:101,7
DA:102,7
DA:104,7
DA:105,7
DA:107,6
DA:110,2
DA:111,3
LF:63
LH:49
BRDA:13,0,0,0
BRDA:13,0,1,2
BRDA:25,1,0,22
BRDA:29,2,0,0
BRDA:29,3,0,2
BRDA:29,3,1,0
BRDA:37,4,0,2
BRDA:39,5,0,2
BRDA:54,6,0,0
BRDA:84,7,0,1
BRDA:91,8,0,1
BRDA:94,9,0,1
BRF:12
BRH:8
end_of_record
TN:
SF:src/utils/mutex.ts
FN:12,(anonymous_0)
FN:19,(anonymous_1)
FN:35,getMutex
FNF:3
FNH:3
FNDA:303,(anonymous_0)
FNDA:301,(anonymous_1)
FNDA:18,getMutex
DA:5,5
DA:7,5
DA:8,25
DA:9,25
DA:13,303
DA:14,2
DA:18,301
DA:19,301
DA:20,301
DA:22,301
DA:23,301
DA:24,301
DA:26,301
DA:27,301
DA:33,5
DA:35,5
DA:36,18
DA:37,18
DA:38,17
DA:39,17
DA:41,18
LF:21
LH:21
BRDA:13,0,0,2
BRDA:37,1,0,17
BRF:2
BRH:2
end_of_record
TN:
SF:src/utils/storage.ts
FN:14,getDataDir
FN:38,getFilePath
FN:42,loadJson
FN:92,saveJson
FN:108,saveJsonAsync
FN:127,deleteJson
FN:148,listJsonFiles
FN:151,(anonymous_16)
FNF:8
FNH:8
FNDA:348,getDataDir
FNDA:347,getFilePath
FNDA:180,loadJson
FNDA:50,saveJson
FNDA:91,saveJsonAsync
FNDA:26,deleteJson
FNDA:1,listJsonFiles
FNDA:15,(anonymous_16)
DA:1,9
DA:2,9
DA:3,9
DA:4,9
DA:6,9
DA:7,9
DA:8,9
DA:9,9
DA:10,9
DA:15,348
DA:16,9
DA:18,9
DA:19,0
DA:21,0
DA:22,0
DA:23,0
DA:25,0
DA:28,9
DA:31,9
DA:32,0
DA:35,348
DA:39,347
DA:42,9
DA:43,180
DA:44,180
DA:45,180
DA:46,180
DA:47,159
DA:48,159
DA:50,157
DA:51,157
DA:52,0
DA:53,0
DA:57,157
DA:58,157
DA:62,157
DA:67,2
DA:68,2
DA:69,2
DA:70,2
DA:71,2
DA:73,1
DA:74,1
DA:75,0
DA:76,0
DA:80,1
DA:81,1
DA:82,1
DA:85,1
DA:89,22
DA:92,9
DA:93,50
DA:94,50
DA:95,50
DA:97,50
DA:98,50
DA:99,50
DA:101,0
DA:108,9
DA:109,91
DA:110,91
DA:111,91
DA:112,91
DA:113,91
DA:115,91
DA:116,91
DA:117,91
DA:119,91
DA:121,91
DA:123,0
DA:127,9
DA:128,26
DA:129,26
DA:130,26
DA:131,26
DA:132,13
DA:133,13
DA:136,26
DA:137,26
DA:138,10
DA:139,10
DA:141,26
DA:143,0
DA:145,0
DA:148,9
DA:149,1
DA:150,1
DA:151,15
DA:153,0
DA:154,0
LF:90
LH:74
BRDA:15,0,0,9
BRDA:18,1,0,0
BRDA:18,1,1,9
BRDA:31,2,0,0
BRDA:46,3,0,159
BRDA:50,4,0,157
BRDA:50,5,0,157
BRDA:50,5,1,157
BRDA:50,5,2,157
BRDA:51,6,0,0
BRDA:51,7,0,157
BRDA:51,7,1,157
BRDA:51,7,2,157
BRDA:52,8,0,0
BRDA:52,8,1,0
BRDA:69,9,0,2
BRDA:73,10,0,1
BRDA:73,11,0,1
BRDA:73,11,1,1
BRDA:73,11,2,1
BRDA:74,12,0,0
BRDA:74,13,0,1
BRDA:74,13,1,1
BRDA:74,13,2,1
BRDA:131,14,0,13
BRDA:137,15,0,10
BRF:26
BRH:20
end_of_record
TN:
SF:src/utils/tokenCounter.ts
FN:15,getEncoder
FN:21,countTokensOpenAI
FN:38,countTokensAnthropic
FN:54,estimateTokensFallback
FN:58,countTokens
FN:76,countMessages
FN:82,(anonymous_6)
FN:88,(anonymous_7)
FN:103,estimateCost
FN:115,calculateSavings
FN:125,cleanup
FNF:11
FNH:9
FNDA:42,getEncoder
FNDA:43,countTokensOpenAI
FNDA:7,countTokensAnthropic
FNDA:0,estimateTokensFallback
FNDA:45,countTokens
FNDA:39,countMessages
FNDA:38,(anonymous_6)
FNDA:12,(anonymous_7)
FNDA:7,estimateCost
FNDA:2,calculateSavings
FNDA:0,cleanup
DA:1,4
DA:2,4
DA:13,4
DA:16,42
DA:17,3
DA:19,42
DA:22,43
DA:23,42
DA:24,42
DA:25,42
DA:26,42
DA:28,0
DA:30,0
DA:31,0
DA:39,7
DA:41,6
DA:43,6
DA:44,6
DA:45,6
DA:46,6
DA:48,6
DA:55,0
DA:59,45
DA:61,44
DA:62,44
DA:63,29
DA:66,15
DA:67,3
DA:70,12
DA:72,0
DA:73,0
DA:77,39
DA:79,37
DA:80,37
DA:82,37
DA:83,38
DA:85,38
DA:86,31
DA:87,7
DA:88,7
DA:89,12
DA:90,7
DA:92,5
DA:93,5
DA:95,0
DA:99,38
DA:108,7
DA:109,7
DA:110,7
DA:112,6
DA:120,2
DA:121,2
DA:122,2
DA:126,0
DA:129,4
LF:55
LH:47
BRDA:16,0,0,3
BRDA:22,1,0,1
BRDA:39,2,0,1
BRDA:41,3,0,6
BRDA:41,3,1,5
BRDA:43,4,0,6
BRDA:43,4,1,6
BRDA:44,5,0,6
BRDA:44,5,1,6
BRDA:45,6,0,6
BRDA:45,6,1,4
BRDA:59,7,0,1
BRDA:62,8,0,29
BRDA:66,9,0,3
BRDA:66,10,0,15
BRDA:66,10,1,12
BRDA:77,11,0,2
BRDA:77,12,0,39
BRDA:77,12,1,37
BRDA:85,13,0,31
BRDA:85,13,1,7
BRDA:87,14,0,7
BRDA:89,15,0,7
BRDA:89,16,0,12
BRDA:89,16,1,7
BRDA:92,17,0,5
BRDA:110,18,0,1
BRF:27
BRH:27
end_of_record
